2021-06-09 19:21:29 [main] INFO  o.s.b.t.c.SpringBootTestContextBootstrapper - Neither @ContextConfiguration nor @ContextHierarchy found for test class [com.accenture.aiq.AiqApplicationTests], using SpringBootContextLoader
2021-06-09 19:21:29 [main] INFO  o.s.t.c.s.AbstractContextLoader - Could not detect default resource locations for test class [com.accenture.aiq.AiqApplicationTests]: no resource found for suffixes {-context.xml, Context.groovy}.
2021-06-09 19:21:29 [main] INFO  o.s.t.c.s.AnnotationConfigContextLoaderUtils - Could not detect default configuration classes for test class [com.accenture.aiq.AiqApplicationTests]: AiqApplicationTests does not declare any static, non-private, non-final, nested classes annotated with @Configuration.
2021-06-09 19:21:30 [main] INFO  o.s.b.t.c.SpringBootTestContextBootstrapper - Found @SpringBootConfiguration com.accenture.aiq.AiqApplication for test class com.accenture.aiq.AiqApplicationTests
2021-06-09 19:21:30 [main] INFO  o.s.b.t.c.SpringBootTestContextBootstrapper - Loaded default TestExecutionListener class names from location [META-INF/spring.factories]: [org.springframework.boot.test.mock.mockito.MockitoTestExecutionListener, org.springframework.boot.test.mock.mockito.ResetMocksTestExecutionListener, org.springframework.boot.test.autoconfigure.restdocs.RestDocsTestExecutionListener, org.springframework.boot.test.autoconfigure.web.client.MockRestServiceServerResetTestExecutionListener, org.springframework.boot.test.autoconfigure.web.servlet.MockMvcPrintOnlyOnFailureTestExecutionListener, org.springframework.boot.test.autoconfigure.web.servlet.WebDriverTestExecutionListener, org.springframework.boot.test.autoconfigure.webservices.client.MockWebServiceServerTestExecutionListener, org.springframework.test.context.web.ServletTestExecutionListener, org.springframework.test.context.support.DirtiesContextBeforeModesTestExecutionListener, org.springframework.test.context.support.DependencyInjectionTestExecutionListener, org.springframework.test.context.support.DirtiesContextTestExecutionListener, org.springframework.test.context.transaction.TransactionalTestExecutionListener, org.springframework.test.context.jdbc.SqlScriptsTestExecutionListener, org.springframework.test.context.event.EventPublishingTestExecutionListener]
2021-06-09 19:21:30 [main] INFO  o.s.b.t.c.SpringBootTestContextBootstrapper - Using TestExecutionListeners: [org.springframework.test.context.web.ServletTestExecutionListener@1a4927d6, org.springframework.test.context.support.DirtiesContextBeforeModesTestExecutionListener@7a6d7e92, org.springframework.boot.test.mock.mockito.MockitoTestExecutionListener@aba625, org.springframework.boot.test.autoconfigure.SpringBootDependencyInjectionTestExecutionListener@97e93f1, org.springframework.test.context.support.DirtiesContextTestExecutionListener@5a5a729f, org.springframework.test.context.transaction.TransactionalTestExecutionListener@4b520ea8, org.springframework.test.context.jdbc.SqlScriptsTestExecutionListener@16150369, org.springframework.test.context.event.EventPublishingTestExecutionListener@6b09fb41, org.springframework.boot.test.mock.mockito.ResetMocksTestExecutionListener@624ea235, org.springframework.boot.test.autoconfigure.restdocs.RestDocsTestExecutionListener@3932c79a, org.springframework.boot.test.autoconfigure.web.client.MockRestServiceServerResetTestExecutionListener@782859e, org.springframework.boot.test.autoconfigure.web.servlet.MockMvcPrintOnlyOnFailureTestExecutionListener@23f5b5dc, org.springframework.boot.test.autoconfigure.web.servlet.WebDriverTestExecutionListener@34bde49d, org.springframework.boot.test.autoconfigure.webservices.client.MockWebServiceServerTestExecutionListener@1b1cfb87]
2021-06-09 19:21:30 [main] INFO  c.accenture.aiq.AiqApplicationTests - Starting AiqApplicationTests on AMAC02XP0CVJG5L with PID 77098 (started by manishkalra in /Users/manishkalra/Desktop/accenture/AIQ-repo/surevy-questionaire/AIQ)
2021-06-09 19:21:30 [main] DEBUG c.accenture.aiq.AiqApplicationTests - Running with Spring Boot v2.3.9.RELEASE, Spring v5.2.13.RELEASE
2021-06-09 19:21:30 [main] INFO  c.accenture.aiq.AiqApplicationTests - No active profile set, falling back to default profiles: default
2021-06-09 19:21:31 [main] INFO  o.s.d.r.c.RepositoryConfigurationDelegate - Bootstrapping Spring Data JPA repositories in DEFAULT mode.
2021-06-09 19:21:31 [main] INFO  o.s.d.r.c.RepositoryConfigurationDelegate - Finished Spring Data repository scanning in 184ms. Found 14 JPA repository interfaces.
2021-06-09 19:21:32 [main] INFO  o.h.jpa.internal.util.LogHelper - HHH000204: Processing PersistenceUnitInfo [name: default]
2021-06-09 19:21:32 [main] INFO  org.hibernate.Version - HHH000412: Hibernate ORM core version 5.4.28.Final
2021-06-09 19:21:33 [main] INFO  o.h.annotations.common.Version - HCANN000001: Hibernate Commons Annotations {5.1.2.Final}
2021-06-09 19:21:33 [main] INFO  com.zaxxer.hikari.HikariDataSource - HikariPool-1 - Starting...
2021-06-09 19:21:39 [main] INFO  com.zaxxer.hikari.HikariDataSource - HikariPool-1 - Start completed.
2021-06-09 19:21:39 [main] INFO  org.hibernate.dialect.Dialect - HHH000400: Using dialect: org.hibernate.dialect.MySQL5Dialect
2021-06-09 19:21:40 [main] INFO  o.h.e.t.j.p.i.JtaPlatformInitiator - HHH000490: Using JtaPlatform implementation: [org.hibernate.engine.transaction.jta.platform.internal.NoJtaPlatform]
2021-06-09 19:21:40 [main] INFO  o.s.o.j.LocalContainerEntityManagerFactoryBean - Initialized JPA EntityManagerFactory for persistence unit 'default'
2021-06-09 19:21:42 [main] WARN  o.s.b.a.o.j.JpaBaseConfiguration$JpaWebConfiguration - spring.jpa.open-in-view is enabled by default. Therefore, database queries may be performed during view rendering. Explicitly configure spring.jpa.open-in-view to disable this warning
2021-06-09 19:21:43 [main] INFO  o.s.s.c.ThreadPoolTaskExecutor - Initializing ExecutorService 'applicationTaskExecutor'
2021-06-09 19:21:43 [main] INFO  o.s.b.a.w.s.WelcomePageHandlerMapping - Adding welcome page: class path resource [static/index.html]
2021-06-09 19:21:43 [main] INFO  c.accenture.aiq.AiqApplicationTests - Started AiqApplicationTests in 13.673 seconds (JVM running for 15.416)
2021-06-09 19:21:44 [SpringContextShutdownHook] INFO  o.s.s.c.ThreadPoolTaskExecutor - Shutting down ExecutorService 'applicationTaskExecutor'
2021-06-09 19:21:44 [SpringContextShutdownHook] INFO  o.s.o.j.LocalContainerEntityManagerFactoryBean - Closing JPA EntityManagerFactory for persistence unit 'default'
2021-06-09 19:21:44 [SpringContextShutdownHook] INFO  com.zaxxer.hikari.HikariDataSource - HikariPool-1 - Shutdown initiated...
2021-06-09 19:21:44 [SpringContextShutdownHook] INFO  com.zaxxer.hikari.HikariDataSource - HikariPool-1 - Shutdown completed.
2021-06-09 20:11:52 [restartedMain] INFO  com.accenture.aiq.AiqApplication - Starting AiqApplication on AMAC02XP0CVJG5L with PID 83885 (/Users/manishkalra/Desktop/accenture/AIQ-repo/surevy-questionaire/AIQ/target/classes started by manishkalra in /Users/manishkalra/Desktop/accenture/AIQ-repo/surevy-questionaire/AIQ)
2021-06-09 20:11:52 [restartedMain] DEBUG com.accenture.aiq.AiqApplication - Running with Spring Boot v2.3.9.RELEASE, Spring v5.2.13.RELEASE
2021-06-09 20:11:52 [restartedMain] INFO  com.accenture.aiq.AiqApplication - No active profile set, falling back to default profiles: default
2021-06-09 20:11:52 [restartedMain] INFO  o.s.b.d.e.DevToolsPropertyDefaultsPostProcessor - Devtools property defaults active! Set 'spring.devtools.add-properties' to 'false' to disable
2021-06-09 20:11:52 [restartedMain] INFO  o.s.b.d.e.DevToolsPropertyDefaultsPostProcessor - For additional web related logging consider setting the 'logging.level.web' property to 'DEBUG'
2021-06-09 20:11:53 [restartedMain] INFO  o.s.d.r.c.RepositoryConfigurationDelegate - Bootstrapping Spring Data JPA repositories in DEFAULT mode.
2021-06-09 20:11:53 [restartedMain] INFO  o.s.d.r.c.RepositoryConfigurationDelegate - Finished Spring Data repository scanning in 111ms. Found 14 JPA repository interfaces.
2021-06-09 20:11:54 [restartedMain] INFO  o.s.b.w.e.tomcat.TomcatWebServer - Tomcat initialized with port(s): 8081 (http)
2021-06-09 20:11:54 [restartedMain] INFO  o.a.coyote.http11.Http11NioProtocol - Initializing ProtocolHandler ["http-nio-8081"]
2021-06-09 20:11:54 [restartedMain] INFO  o.a.catalina.core.StandardService - Starting service [Tomcat]
2021-06-09 20:11:54 [restartedMain] INFO  o.a.catalina.core.StandardEngine - Starting Servlet engine: [Apache Tomcat/9.0.43]
2021-06-09 20:11:54 [restartedMain] INFO  o.a.c.c.C.[Tomcat].[localhost].[/] - Initializing Spring embedded WebApplicationContext
2021-06-09 20:11:54 [restartedMain] INFO  o.s.b.w.s.c.ServletWebServerApplicationContext - Root WebApplicationContext: initialization completed in 1647 ms
2021-06-09 20:11:54 [restartedMain] INFO  o.h.jpa.internal.util.LogHelper - HHH000204: Processing PersistenceUnitInfo [name: default]
2021-06-09 20:11:54 [restartedMain] INFO  org.hibernate.Version - HHH000412: Hibernate ORM core version 5.4.28.Final
2021-06-09 20:11:54 [restartedMain] INFO  o.h.annotations.common.Version - HCANN000001: Hibernate Commons Annotations {5.1.2.Final}
2021-06-09 20:11:55 [restartedMain] INFO  com.zaxxer.hikari.HikariDataSource - HikariPool-1 - Starting...
2021-06-09 20:12:00 [restartedMain] INFO  com.zaxxer.hikari.HikariDataSource - HikariPool-1 - Start completed.
2021-06-09 20:12:00 [restartedMain] INFO  org.hibernate.dialect.Dialect - HHH000400: Using dialect: org.hibernate.dialect.MySQL5Dialect
2021-06-09 20:12:01 [restartedMain] INFO  o.h.e.t.j.p.i.JtaPlatformInitiator - HHH000490: Using JtaPlatform implementation: [org.hibernate.engine.transaction.jta.platform.internal.NoJtaPlatform]
2021-06-09 20:12:01 [restartedMain] INFO  o.s.o.j.LocalContainerEntityManagerFactoryBean - Initialized JPA EntityManagerFactory for persistence unit 'default'
2021-06-09 20:12:01 [restartedMain] INFO  o.s.b.d.a.OptionalLiveReloadServer - LiveReload server is running on port 35729
2021-06-09 20:12:02 [restartedMain] WARN  o.s.b.a.o.j.JpaBaseConfiguration$JpaWebConfiguration - spring.jpa.open-in-view is enabled by default. Therefore, database queries may be performed during view rendering. Explicitly configure spring.jpa.open-in-view to disable this warning
2021-06-09 20:12:02 [restartedMain] INFO  o.s.s.c.ThreadPoolTaskExecutor - Initializing ExecutorService 'applicationTaskExecutor'
2021-06-09 20:12:02 [restartedMain] INFO  o.s.b.a.w.s.WelcomePageHandlerMapping - Adding welcome page: class path resource [static/index.html]
2021-06-09 20:12:02 [restartedMain] INFO  o.a.coyote.http11.Http11NioProtocol - Starting ProtocolHandler ["http-nio-8081"]
2021-06-09 20:12:02 [restartedMain] INFO  o.s.b.w.e.tomcat.TomcatWebServer - Tomcat started on port(s): 8081 (http) with context path ''
2021-06-09 20:12:02 [restartedMain] INFO  com.accenture.aiq.AiqApplication - Started AiqApplication in 10.299 seconds (JVM running for 10.88)
2021-06-09 20:13:55 [http-nio-8081-exec-1] INFO  o.a.c.c.C.[Tomcat].[localhost].[/] - Initializing Spring DispatcherServlet 'dispatcherServlet'
2021-06-09 20:13:55 [http-nio-8081-exec-1] INFO  o.s.web.servlet.DispatcherServlet - Initializing Servlet 'dispatcherServlet'
2021-06-09 20:13:55 [http-nio-8081-exec-1] INFO  o.s.web.servlet.DispatcherServlet - Completed initialization in 60 ms
2021-06-09 20:13:55 [http-nio-8081-exec-2] INFO  com.accenture.aiq.AiqApplication - Request received for loading dashboard for user with id : 3
2021-06-09 20:13:55 [http-nio-8081-exec-2] DEBUG c.a.aiq.service.DashboardService - Inside DashboardService to get surveys for user:3, marketUnit:null and project:null
2021-06-09 20:13:56 [http-nio-8081-exec-2] DEBUG c.a.aiq.service.DashboardService - Number of Surveys for User:36
2021-06-09 20:13:57 [http-nio-8081-exec-2] INFO  c.a.aiq.service.DashboardService - Survey results for normal user:DashboardResult [surveys=com.accenture.aiq.dto.UserDashboard@3d9e8f73]
2021-06-09 20:13:57 [http-nio-8081-exec-2] DEBUG com.accenture.aiq.AiqApplication - user dashboard response data: DashboardResult [surveys=com.accenture.aiq.dto.UserDashboard@3d9e8f73]
2021-06-09 20:13:57 [http-nio-8081-exec-2] INFO  com.accenture.aiq.AiqApplication - Dashboard data generated for user with id: 3
2021-06-09 20:13:59 [http-nio-8081-exec-3] INFO  com.accenture.aiq.AiqApplication - Request received for loading dashboard for user with id : 3
2021-06-09 20:13:59 [http-nio-8081-exec-3] DEBUG c.a.aiq.service.DashboardService - Inside DashboardService to get surveys for user:3, marketUnit:null and project:null
2021-06-09 20:13:59 [http-nio-8081-exec-3] DEBUG c.a.aiq.service.DashboardService - Number of Surveys for User:36
2021-06-09 20:14:00 [http-nio-8081-exec-3] INFO  c.a.aiq.service.DashboardService - Survey results for normal user:DashboardResult [surveys=com.accenture.aiq.dto.UserDashboard@252e9f56]
2021-06-09 20:14:00 [http-nio-8081-exec-3] DEBUG com.accenture.aiq.AiqApplication - user dashboard response data: DashboardResult [surveys=com.accenture.aiq.dto.UserDashboard@252e9f56]
2021-06-09 20:14:00 [http-nio-8081-exec-3] INFO  com.accenture.aiq.AiqApplication - Dashboard data generated for user with id: 3
2021-06-09 20:14:08 [http-nio-8081-exec-4] INFO  com.accenture.aiq.AiqApplication - Request received for loading dashboard for user with id : 3
2021-06-09 20:14:08 [http-nio-8081-exec-4] DEBUG c.a.aiq.service.DashboardService - Inside DashboardService to get surveys for user:3, marketUnit:null and project:null
2021-06-09 20:14:08 [http-nio-8081-exec-4] DEBUG c.a.aiq.service.DashboardService - Number of Surveys for User:36
2021-06-09 20:14:09 [http-nio-8081-exec-4] INFO  c.a.aiq.service.DashboardService - Survey results for normal user:DashboardResult [surveys=com.accenture.aiq.dto.UserDashboard@18fe6f]
2021-06-09 20:14:09 [http-nio-8081-exec-4] DEBUG com.accenture.aiq.AiqApplication - user dashboard response data: DashboardResult [surveys=com.accenture.aiq.dto.UserDashboard@18fe6f]
2021-06-09 20:14:09 [http-nio-8081-exec-4] INFO  com.accenture.aiq.AiqApplication - Dashboard data generated for user with id: 3
2021-06-09 20:14:23 [http-nio-8081-exec-6] INFO  com.accenture.aiq.AiqApplication - Request received TO START THE SURVEY for user with id : 5, surveyId: 1
2021-06-09 20:14:23 [http-nio-8081-exec-6] DEBUG com.accenture.aiq.AiqApplication - START Survey response data: com.accenture.aiq.dto.NewSurveyDTO@67431e41
2021-06-09 20:14:23 [http-nio-8081-exec-6] INFO  com.accenture.aiq.AiqApplication - START Survey data generated for user with id: 5, survetId: 1
2021-06-09 20:14:38 [http-nio-8081-exec-8] INFO  com.accenture.aiq.AiqApplication - Request received TO SAVE THE SURVEY
2021-06-09 20:14:38 [http-nio-8081-exec-8] DEBUG com.accenture.aiq.AiqApplication - SAVE Survey Request for user with id:5 , surveyId:1 ,projectId:13 
2021-06-09 20:14:38 [http-nio-8081-exec-8] DEBUG com.accenture.aiq.AiqApplication - SurveyResultRequestDTO [userId=5, surveyId=1, projectId=13, marketUnit=Interactive, clientGroup=PRD, deliveryUnit=PRD, clientName=H&M, cal=cora.stone, deliveryMD=rajendra.joshi, innovationLead=null, optionsData=[OptionsDTO [name=, value=1_1_1_0, comments= comments 001], OptionsDTO [name=, value=1_2_6_0, comments= comments 001], OptionsDTO [name=, value=1_3_11_0, comments= comments 001], OptionsDTO [name=, value=1_4_16_0, comments= comments 001], OptionsDTO [name=, value=1_5_21_0, comments= comments 001], OptionsDTO [name=, value=2_6_26_0, comments= comments 001], OptionsDTO [name=, value=2_7_31_0, comments= comments 001], OptionsDTO [name=, value=2_8_36_0, comments= comments 001], OptionsDTO [name=, value=2_9_41_0, comments= comments 001], OptionsDTO [name=, value=2_10_46_0, comments= comments 001], OptionsDTO [name=, value=3_11_51_0, comments= comments 001], OptionsDTO [name=, value=3_12_56_0, comments= comments 001], OptionsDTO [name=, value=3_13_61_0, comments= comments 001], OptionsDTO [name=, value=3_14_66_0, comments= comments 001], OptionsDTO [name=, value=4_15_71_0, comments= comments 001], OptionsDTO [name=, value=4_16_76_0, comments= comments 001], OptionsDTO [name=, value=4_17_81_0, comments= comments 001], OptionsDTO [name=, value=5_18_86_0, comments= comments 001], OptionsDTO [name=, value=5_19_91_0, comments= comments 001], OptionsDTO [name=, value=5_20_96_0, comments= comments 001], OptionsDTO [name=, value=5_21_101_0, comments= comments 001], OptionsDTO [name=, value=5_22_106_0, comments= comments 001], OptionsDTO [name=, value=6_23_111_0, comments= comments 001], OptionsDTO [name=, value=6_24_116_0, comments= comments 001], OptionsDTO [name=, value=6_25_121_0, comments= comments 001], OptionsDTO [name=, value=6_26_126_0, comments= comments 001], OptionsDTO [name=, value=7_27_131_0, comments= comments 001], OptionsDTO [name=, value=7_28_136_0, comments= comments 001], OptionsDTO [name=, value=7_29_141_0, comments= comments 001], OptionsDTO [name=, value=7_30_146_0, comments= comments 001], OptionsDTO [name=, value=8_31_151_0, comments= comments 001], OptionsDTO [name=, value=8_32_156_0, comments= comments 001], OptionsDTO [name=, value=8_33_161_0, comments= comments 001]]]
2021-06-09 20:14:38 [http-nio-8081-exec-8] INFO  com.accenture.aiq.AiqApplication - SAVE SURVEY done......
2021-06-09 20:14:38 [http-nio-8081-exec-9] INFO  com.accenture.aiq.AiqApplication - Request received for loading dashboard for user with id : 3
2021-06-09 20:14:38 [http-nio-8081-exec-9] DEBUG c.a.aiq.service.DashboardService - Inside DashboardService to get surveys for user:3, marketUnit:null and project:null
2021-06-09 20:14:38 [http-nio-8081-exec-9] DEBUG c.a.aiq.service.DashboardService - Number of Surveys for User:37
2021-06-09 20:14:38 [http-nio-8081-exec-9] INFO  c.a.aiq.service.DashboardService - Survey results for normal user:DashboardResult [surveys=com.accenture.aiq.dto.UserDashboard@3167e13e]
2021-06-09 20:14:38 [http-nio-8081-exec-9] DEBUG com.accenture.aiq.AiqApplication - user dashboard response data: DashboardResult [surveys=com.accenture.aiq.dto.UserDashboard@3167e13e]
2021-06-09 20:14:38 [http-nio-8081-exec-9] INFO  com.accenture.aiq.AiqApplication - Dashboard data generated for user with id: 3
2021-06-09 20:14:46 [http-nio-8081-exec-1] INFO  com.accenture.aiq.AiqApplication - Request received TO RESUME THE SURVEY for user with id : 13, surveyId: 1
2021-06-09 20:16:19 [http-nio-8081-exec-4] INFO  com.accenture.aiq.AiqApplication - Request received TO SUBMIT THE SURVEY
2021-06-09 20:16:19 [http-nio-8081-exec-4] DEBUG com.accenture.aiq.AiqApplication - SUBMIT Survey for user with userId:5, surveyId:1, projectId:13 
2021-06-09 20:16:19 [http-nio-8081-exec-4] DEBUG com.accenture.aiq.AiqApplication - SurveyResultRequestDTO [userId=5, surveyId=1, projectId=13, marketUnit=Interactive, clientGroup=PRD, deliveryUnit=PRD, clientName=H&M, cal=cora.stone, deliveryMD=rajendra.joshi, innovationLead=null, optionsData=[OptionsDTO [name=, value=1_1_2_0, comments= comments 001], OptionsDTO [name=, value=1_2_8_1, comments= comments 001], OptionsDTO [name=, value=1_3_13_1, comments= comments 001], OptionsDTO [name=, value=1_4_18_1, comments= comments 001], OptionsDTO [name=, value=1_5_23_1, comments= comments 001], OptionsDTO [name=, value=2_6_30_3, comments= comments 001], OptionsDTO [name=, value=2_7_35_3, comments= comments 001], OptionsDTO [name=, value=2_8_40_3, comments= comments 001], OptionsDTO [name=, value=2_9_45_3, comments= comments 001], OptionsDTO [name=, value=2_10_48_1, comments= comments 001], OptionsDTO [name=, value=3_11_55_3, comments= comments 001], OptionsDTO [name=, value=3_12_60_3, comments= comments 001], OptionsDTO [name=, value=3_13_64_2, comments= comments 001], OptionsDTO [name=, value=3_14_68_1, comments= comments 001], OptionsDTO [name=, value=4_15_74_2, comments= comments 001], OptionsDTO [name=, value=4_16_79_2, comments= comments 001], OptionsDTO [name=, value=4_17_84_2, comments= comments 001], OptionsDTO [name=, value=5_18_90_3, comments= comments 001], OptionsDTO [name=, value=5_19_95_3, comments= comments 001], OptionsDTO [name=, value=5_20_100_3, comments= comments 001], OptionsDTO [name=, value=5_21_105_3, comments= comments 001], OptionsDTO [name=, value=5_22_110_3, comments= comments 001], OptionsDTO [name=, value=6_23_115_3, comments= comments 001], OptionsDTO [name=, value=6_24_118_1, comments= comments 001], OptionsDTO [name=, value=6_25_123_1, comments= comments 001], OptionsDTO [name=, value=6_26_128_1, comments= comments 001], OptionsDTO [name=, value=7_27_134_2, comments= comments 001], OptionsDTO [name=, value=7_28_139_2, comments= comments 001], OptionsDTO [name=, value=7_29_144_2, comments= comments 001], OptionsDTO [name=, value=7_30_149_2, comments= comments 001], OptionsDTO [name=, value=8_31_155_3, comments= comments 001], OptionsDTO [name=, value=8_32_159_2, comments= comments 001], OptionsDTO [name=, value=8_33_164_2, comments= comments 001]]]
2021-06-09 20:16:19 [http-nio-8081-exec-4] INFO  com.accenture.aiq.AiqApplication - SUBMIT SURVEY done......
2021-06-09 20:16:29 [http-nio-8081-exec-5] INFO  com.accenture.aiq.AiqApplication - Request received for loading dashboard for user with id : 3
2021-06-09 20:16:29 [http-nio-8081-exec-5] DEBUG c.a.aiq.service.DashboardService - Inside DashboardService to get surveys for user:3, marketUnit:null and project:null
2021-06-09 20:16:29 [http-nio-8081-exec-5] DEBUG c.a.aiq.service.DashboardService - Number of Surveys for User:37
2021-06-09 20:16:29 [http-nio-8081-exec-5] INFO  c.a.aiq.service.DashboardService - Survey results for normal user:DashboardResult [surveys=com.accenture.aiq.dto.UserDashboard@1711e552]
2021-06-09 20:16:29 [http-nio-8081-exec-5] DEBUG com.accenture.aiq.AiqApplication - user dashboard response data: DashboardResult [surveys=com.accenture.aiq.dto.UserDashboard@1711e552]
2021-06-09 20:16:29 [http-nio-8081-exec-5] INFO  com.accenture.aiq.AiqApplication - Dashboard data generated for user with id: 3
2021-06-09 20:19:59 [SpringContextShutdownHook] INFO  o.s.s.c.ThreadPoolTaskExecutor - Shutting down ExecutorService 'applicationTaskExecutor'
2021-06-09 20:19:59 [SpringContextShutdownHook] INFO  o.s.o.j.LocalContainerEntityManagerFactoryBean - Closing JPA EntityManagerFactory for persistence unit 'default'
2021-06-09 20:19:59 [SpringContextShutdownHook] INFO  com.zaxxer.hikari.HikariDataSource - HikariPool-1 - Shutdown initiated...
2021-06-09 20:19:59 [SpringContextShutdownHook] INFO  com.zaxxer.hikari.HikariDataSource - HikariPool-1 - Shutdown completed.
