2021-05-24 11:11:45 [restartedMain] INFO  com.accenture.aiq.AiqApplication - Starting AiqApplication on AMAC02XP0CVJG5L with PID 10289 (/Users/manishkalra/Desktop/accenture/AIQ-repo/surevy-questionaire/AIQ/target/classes started by manishkalra in /Users/manishkalra/Desktop/accenture/AIQ-repo/surevy-questionaire/AIQ)
2021-05-24 11:11:45 [restartedMain] DEBUG com.accenture.aiq.AiqApplication - Running with Spring Boot v2.3.9.RELEASE, Spring v5.2.13.RELEASE
2021-05-24 11:11:45 [restartedMain] INFO  com.accenture.aiq.AiqApplication - No active profile set, falling back to default profiles: default
2021-05-24 11:11:45 [restartedMain] INFO  o.s.b.d.e.DevToolsPropertyDefaultsPostProcessor - Devtools property defaults active! Set 'spring.devtools.add-properties' to 'false' to disable
2021-05-24 11:11:45 [restartedMain] INFO  o.s.b.d.e.DevToolsPropertyDefaultsPostProcessor - For additional web related logging consider setting the 'logging.level.web' property to 'DEBUG'
2021-05-24 11:11:46 [restartedMain] INFO  o.s.d.r.c.RepositoryConfigurationDelegate - Bootstrapping Spring Data JPA repositories in DEFAULT mode.
2021-05-24 11:11:46 [restartedMain] INFO  o.s.d.r.c.RepositoryConfigurationDelegate - Finished Spring Data repository scanning in 109ms. Found 14 JPA repository interfaces.
2021-05-24 11:11:47 [restartedMain] INFO  o.s.b.w.e.tomcat.TomcatWebServer - Tomcat initialized with port(s): 8081 (http)
2021-05-24 11:11:47 [restartedMain] INFO  o.a.coyote.http11.Http11NioProtocol - Initializing ProtocolHandler ["http-nio-8081"]
2021-05-24 11:11:47 [restartedMain] INFO  o.a.catalina.core.StandardService - Starting service [Tomcat]
2021-05-24 11:11:47 [restartedMain] INFO  o.a.catalina.core.StandardEngine - Starting Servlet engine: [Apache Tomcat/9.0.43]
2021-05-24 11:11:47 [restartedMain] INFO  o.a.c.c.C.[Tomcat].[localhost].[/] - Initializing Spring embedded WebApplicationContext
2021-05-24 11:11:47 [restartedMain] INFO  o.s.b.w.s.c.ServletWebServerApplicationContext - Root WebApplicationContext: initialization completed in 1708 ms
2021-05-24 11:11:47 [restartedMain] INFO  o.h.jpa.internal.util.LogHelper - HHH000204: Processing PersistenceUnitInfo [name: default]
2021-05-24 11:11:47 [restartedMain] INFO  org.hibernate.Version - HHH000412: Hibernate ORM core version 5.4.28.Final
2021-05-24 11:11:48 [restartedMain] INFO  o.h.annotations.common.Version - HCANN000001: Hibernate Commons Annotations {5.1.2.Final}
2021-05-24 11:11:48 [restartedMain] INFO  com.zaxxer.hikari.HikariDataSource - HikariPool-1 - Starting...
2021-05-24 11:11:53 [restartedMain] INFO  com.zaxxer.hikari.HikariDataSource - HikariPool-1 - Start completed.
2021-05-24 11:11:53 [restartedMain] INFO  org.hibernate.dialect.Dialect - HHH000400: Using dialect: org.hibernate.dialect.MySQL5Dialect
2021-05-24 11:11:54 [restartedMain] INFO  o.h.e.t.j.p.i.JtaPlatformInitiator - HHH000490: Using JtaPlatform implementation: [org.hibernate.engine.transaction.jta.platform.internal.NoJtaPlatform]
2021-05-24 11:11:54 [restartedMain] INFO  o.s.o.j.LocalContainerEntityManagerFactoryBean - Initialized JPA EntityManagerFactory for persistence unit 'default'
2021-05-24 11:11:54 [restartedMain] INFO  o.s.b.d.a.OptionalLiveReloadServer - LiveReload server is running on port 35729
2021-05-24 11:11:55 [restartedMain] WARN  o.s.b.a.o.j.JpaBaseConfiguration$JpaWebConfiguration - spring.jpa.open-in-view is enabled by default. Therefore, database queries may be performed during view rendering. Explicitly configure spring.jpa.open-in-view to disable this warning
2021-05-24 11:11:55 [restartedMain] INFO  o.s.s.c.ThreadPoolTaskExecutor - Initializing ExecutorService 'applicationTaskExecutor'
2021-05-24 11:11:55 [restartedMain] INFO  o.s.b.a.w.s.WelcomePageHandlerMapping - Adding welcome page: class path resource [static/index.html]
2021-05-24 11:11:56 [restartedMain] INFO  o.a.coyote.http11.Http11NioProtocol - Starting ProtocolHandler ["http-nio-8081"]
2021-05-24 11:11:56 [restartedMain] INFO  o.s.b.w.e.tomcat.TomcatWebServer - Tomcat started on port(s): 8081 (http) with context path ''
2021-05-24 11:11:56 [restartedMain] INFO  com.accenture.aiq.AiqApplication - Started AiqApplication in 10.48 seconds (JVM running for 11.048)
2021-05-24 11:12:42 [http-nio-8081-exec-1] INFO  o.a.c.c.C.[Tomcat].[localhost].[/] - Initializing Spring DispatcherServlet 'dispatcherServlet'
2021-05-24 11:12:42 [http-nio-8081-exec-1] INFO  o.s.web.servlet.DispatcherServlet - Initializing Servlet 'dispatcherServlet'
2021-05-24 11:12:42 [http-nio-8081-exec-1] INFO  o.s.web.servlet.DispatcherServlet - Completed initialization in 9 ms
2021-05-24 11:12:53 [http-nio-8081-exec-4] INFO  com.accenture.aiq.AiqApplication - Request received TO START THE SURVEY for user with id : 5, surveyId: 1
2021-05-24 11:12:54 [http-nio-8081-exec-4] DEBUG com.accenture.aiq.AiqApplication - START Survey response data: com.accenture.aiq.dto.NewSurveyDTO@3a67b6c3
2021-05-24 11:12:54 [http-nio-8081-exec-4] INFO  com.accenture.aiq.AiqApplication - START Survey data generated for user with id: 5, survetId: 1
2021-05-24 11:12:59 [http-nio-8081-exec-6] INFO  com.accenture.aiq.AiqApplication - Request received TO START THE SURVEY for user with id : 5, surveyId: 1
2021-05-24 11:12:59 [http-nio-8081-exec-6] DEBUG com.accenture.aiq.AiqApplication - START Survey response data: com.accenture.aiq.dto.NewSurveyDTO@2bbc1718
2021-05-24 11:12:59 [http-nio-8081-exec-6] INFO  com.accenture.aiq.AiqApplication - START Survey data generated for user with id: 5, survetId: 1
2021-05-24 11:13:32 [Thread-5] INFO  o.s.s.c.ThreadPoolTaskExecutor - Shutting down ExecutorService 'applicationTaskExecutor'
2021-05-24 11:13:32 [Thread-5] INFO  o.s.o.j.LocalContainerEntityManagerFactoryBean - Closing JPA EntityManagerFactory for persistence unit 'default'
2021-05-24 11:13:32 [Thread-5] INFO  com.zaxxer.hikari.HikariDataSource - HikariPool-1 - Shutdown initiated...
2021-05-24 11:13:32 [Thread-5] INFO  com.zaxxer.hikari.HikariDataSource - HikariPool-1 - Shutdown completed.
2021-05-24 11:13:32 [restartedMain] INFO  com.accenture.aiq.AiqApplication - Starting AiqApplication on AMAC02XP0CVJG5L with PID 10289 (/Users/manishkalra/Desktop/accenture/AIQ-repo/surevy-questionaire/AIQ/target/classes started by manishkalra in /Users/manishkalra/Desktop/accenture/AIQ-repo/surevy-questionaire/AIQ)
2021-05-24 11:13:32 [restartedMain] DEBUG com.accenture.aiq.AiqApplication - Running with Spring Boot v2.3.9.RELEASE, Spring v5.2.13.RELEASE
2021-05-24 11:13:32 [restartedMain] INFO  com.accenture.aiq.AiqApplication - No active profile set, falling back to default profiles: default
2021-05-24 11:13:32 [restartedMain] INFO  o.s.d.r.c.RepositoryConfigurationDelegate - Bootstrapping Spring Data JPA repositories in DEFAULT mode.
2021-05-24 11:13:32 [restartedMain] INFO  o.s.d.r.c.RepositoryConfigurationDelegate - Finished Spring Data repository scanning in 61ms. Found 14 JPA repository interfaces.
2021-05-24 11:13:33 [restartedMain] INFO  o.s.b.w.e.tomcat.TomcatWebServer - Tomcat initialized with port(s): 8081 (http)
2021-05-24 11:13:33 [restartedMain] INFO  o.a.coyote.http11.Http11NioProtocol - Initializing ProtocolHandler ["http-nio-8081"]
2021-05-24 11:13:33 [restartedMain] INFO  o.a.catalina.core.StandardService - Starting service [Tomcat]
2021-05-24 11:13:33 [restartedMain] INFO  o.a.catalina.core.StandardEngine - Starting Servlet engine: [Apache Tomcat/9.0.43]
2021-05-24 11:13:33 [restartedMain] INFO  o.a.c.c.C.[Tomcat].[localhost].[/] - Initializing Spring embedded WebApplicationContext
2021-05-24 11:13:33 [restartedMain] INFO  o.s.b.w.s.c.ServletWebServerApplicationContext - Root WebApplicationContext: initialization completed in 370 ms
2021-05-24 11:13:33 [restartedMain] INFO  o.h.jpa.internal.util.LogHelper - HHH000204: Processing PersistenceUnitInfo [name: default]
2021-05-24 11:13:33 [restartedMain] INFO  com.zaxxer.hikari.HikariDataSource - HikariPool-2 - Starting...
2021-05-24 11:13:38 [restartedMain] INFO  com.zaxxer.hikari.HikariDataSource - HikariPool-2 - Start completed.
2021-05-24 11:13:38 [restartedMain] INFO  org.hibernate.dialect.Dialect - HHH000400: Using dialect: org.hibernate.dialect.MySQL5Dialect
2021-05-24 11:13:38 [restartedMain] INFO  o.h.e.t.j.p.i.JtaPlatformInitiator - HHH000490: Using JtaPlatform implementation: [org.hibernate.engine.transaction.jta.platform.internal.NoJtaPlatform]
2021-05-24 11:13:38 [restartedMain] INFO  o.s.o.j.LocalContainerEntityManagerFactoryBean - Initialized JPA EntityManagerFactory for persistence unit 'default'
2021-05-24 11:13:38 [restartedMain] INFO  o.s.b.d.a.OptionalLiveReloadServer - LiveReload server is running on port 35729
2021-05-24 11:13:38 [restartedMain] WARN  o.s.b.w.s.c.AnnotationConfigServletWebServerApplicationContext - Exception encountered during context initialization - cancelling refresh attempt: org.springframework.beans.factory.BeanCreationException: Error creating bean with name 'dashboardController': Lookup method resolution failed; nested exception is java.lang.IllegalStateException: Failed to introspect Class [com.accenture.aiq.controller.DashboardController] from ClassLoader [org.springframework.boot.devtools.restart.classloader.RestartClassLoader@2f43eb1e]
2021-05-24 11:13:38 [restartedMain] INFO  o.s.o.j.LocalContainerEntityManagerFactoryBean - Closing JPA EntityManagerFactory for persistence unit 'default'
2021-05-24 11:13:38 [restartedMain] INFO  com.zaxxer.hikari.HikariDataSource - HikariPool-2 - Shutdown initiated...
2021-05-24 11:13:38 [restartedMain] INFO  com.zaxxer.hikari.HikariDataSource - HikariPool-2 - Shutdown completed.
2021-05-24 11:13:38 [restartedMain] INFO  o.a.catalina.core.StandardService - Stopping service [Tomcat]
2021-05-24 11:13:38 [restartedMain] INFO  o.s.b.a.l.ConditionEvaluationReportLoggingListener - 

Error starting ApplicationContext. To display the conditions report re-run your application with 'debug' enabled.
2021-05-24 11:13:38 [restartedMain] ERROR o.s.boot.SpringApplication - Application run failed
org.springframework.beans.factory.BeanCreationException: Error creating bean with name 'dashboardController': Lookup method resolution failed; nested exception is java.lang.IllegalStateException: Failed to introspect Class [com.accenture.aiq.controller.DashboardController] from ClassLoader [org.springframework.boot.devtools.restart.classloader.RestartClassLoader@2f43eb1e]
	at org.springframework.beans.factory.annotation.AutowiredAnnotationBeanPostProcessor.determineCandidateConstructors(AutowiredAnnotationBeanPostProcessor.java:289)
	at org.springframework.beans.factory.support.AbstractAutowireCapableBeanFactory.determineConstructorsFromBeanPostProcessors(AbstractAutowireCapableBeanFactory.java:1290)
	at org.springframework.beans.factory.support.AbstractAutowireCapableBeanFactory.createBeanInstance(AbstractAutowireCapableBeanFactory.java:1205)
	at org.springframework.beans.factory.support.AbstractAutowireCapableBeanFactory.doCreateBean(AbstractAutowireCapableBeanFactory.java:556)
	at org.springframework.beans.factory.support.AbstractAutowireCapableBeanFactory.createBean(AbstractAutowireCapableBeanFactory.java:516)
	at org.springframework.beans.factory.support.AbstractBeanFactory.lambda$doGetBean$0(AbstractBeanFactory.java:324)
	at org.springframework.beans.factory.support.DefaultSingletonBeanRegistry.getSingleton(DefaultSingletonBeanRegistry.java:234)
	at org.springframework.beans.factory.support.AbstractBeanFactory.doGetBean(AbstractBeanFactory.java:322)
	at org.springframework.beans.factory.support.AbstractBeanFactory.getBean(AbstractBeanFactory.java:202)
	at org.springframework.beans.factory.support.DefaultListableBeanFactory.preInstantiateSingletons(DefaultListableBeanFactory.java:897)
	at org.springframework.context.support.AbstractApplicationContext.finishBeanFactoryInitialization(AbstractApplicationContext.java:879)
	at org.springframework.context.support.AbstractApplicationContext.refresh(AbstractApplicationContext.java:551)
	at org.springframework.boot.web.servlet.context.ServletWebServerApplicationContext.refresh(ServletWebServerApplicationContext.java:143)
	at org.springframework.boot.SpringApplication.refresh(SpringApplication.java:758)
	at org.springframework.boot.SpringApplication.refresh(SpringApplication.java:750)
	at org.springframework.boot.SpringApplication.refreshContext(SpringApplication.java:405)
	at org.springframework.boot.SpringApplication.run(SpringApplication.java:315)
	at org.springframework.boot.SpringApplication.run(SpringApplication.java:1237)
	at org.springframework.boot.SpringApplication.run(SpringApplication.java:1226)
	at com.accenture.aiq.AiqApplication.main(AiqApplication.java:12)
	at sun.reflect.NativeMethodAccessorImpl.invoke0(Native Method)
	at sun.reflect.NativeMethodAccessorImpl.invoke(NativeMethodAccessorImpl.java:62)
	at sun.reflect.DelegatingMethodAccessorImpl.invoke(DelegatingMethodAccessorImpl.java:43)
	at java.lang.reflect.Method.invoke(Method.java:498)
	at org.springframework.boot.devtools.restart.RestartLauncher.run(RestartLauncher.java:49)
Caused by: java.lang.IllegalStateException: Failed to introspect Class [com.accenture.aiq.controller.DashboardController] from ClassLoader [org.springframework.boot.devtools.restart.classloader.RestartClassLoader@2f43eb1e]
	at org.springframework.util.ReflectionUtils.getDeclaredMethods(ReflectionUtils.java:481)
	at org.springframework.util.ReflectionUtils.doWithLocalMethods(ReflectionUtils.java:321)
	at org.springframework.beans.factory.annotation.AutowiredAnnotationBeanPostProcessor.determineCandidateConstructors(AutowiredAnnotationBeanPostProcessor.java:267)
	... 24 common frames omitted
Caused by: java.lang.NoClassDefFoundError: DashboardResult
	at java.lang.Class.getDeclaredMethods0(Native Method)
	at java.lang.Class.privateGetDeclaredMethods(Class.java:2701)
	at java.lang.Class.getDeclaredMethods(Class.java:1975)
	at org.springframework.util.ReflectionUtils.getDeclaredMethods(ReflectionUtils.java:463)
	... 26 common frames omitted
Caused by: java.lang.ClassNotFoundException: DashboardResult
	at java.net.URLClassLoader.findClass(URLClassLoader.java:382)
	at java.lang.ClassLoader.loadClass(ClassLoader.java:418)
	at sun.misc.Launcher$AppClassLoader.loadClass(Launcher.java:355)
	at java.lang.ClassLoader.loadClass(ClassLoader.java:351)
	at java.lang.Class.forName0(Native Method)
	at java.lang.Class.forName(Class.java:348)
	at org.springframework.boot.devtools.restart.classloader.RestartClassLoader.loadClass(RestartClassLoader.java:144)
	at java.lang.ClassLoader.loadClass(ClassLoader.java:351)
	... 30 common frames omitted
2021-05-24 11:14:23 [restartedMain] INFO  com.accenture.aiq.AiqApplication - Starting AiqApplication on AMAC02XP0CVJG5L with PID 10289 (/Users/manishkalra/Desktop/accenture/AIQ-repo/surevy-questionaire/AIQ/target/classes started by manishkalra in /Users/manishkalra/Desktop/accenture/AIQ-repo/surevy-questionaire/AIQ)
2021-05-24 11:14:23 [restartedMain] DEBUG com.accenture.aiq.AiqApplication - Running with Spring Boot v2.3.9.RELEASE, Spring v5.2.13.RELEASE
2021-05-24 11:14:23 [restartedMain] INFO  com.accenture.aiq.AiqApplication - No active profile set, falling back to default profiles: default
2021-05-24 11:14:23 [restartedMain] INFO  o.s.d.r.c.RepositoryConfigurationDelegate - Bootstrapping Spring Data JPA repositories in DEFAULT mode.
2021-05-24 11:14:23 [restartedMain] INFO  o.s.d.r.c.RepositoryConfigurationDelegate - Finished Spring Data repository scanning in 72ms. Found 14 JPA repository interfaces.
2021-05-24 11:14:23 [restartedMain] INFO  o.s.b.w.e.tomcat.TomcatWebServer - Tomcat initialized with port(s): 8081 (http)
2021-05-24 11:14:23 [restartedMain] INFO  o.a.coyote.http11.Http11NioProtocol - Initializing ProtocolHandler ["http-nio-8081"]
2021-05-24 11:14:23 [restartedMain] INFO  o.a.catalina.core.StandardService - Starting service [Tomcat]
2021-05-24 11:14:23 [restartedMain] INFO  o.a.catalina.core.StandardEngine - Starting Servlet engine: [Apache Tomcat/9.0.43]
2021-05-24 11:14:23 [restartedMain] INFO  o.a.c.c.C.[Tomcat-1].[localhost].[/] - Initializing Spring embedded WebApplicationContext
2021-05-24 11:14:23 [restartedMain] INFO  o.s.b.w.s.c.ServletWebServerApplicationContext - Root WebApplicationContext: initialization completed in 450 ms
2021-05-24 11:14:23 [restartedMain] INFO  o.h.jpa.internal.util.LogHelper - HHH000204: Processing PersistenceUnitInfo [name: default]
2021-05-24 11:14:23 [restartedMain] INFO  com.zaxxer.hikari.HikariDataSource - HikariPool-3 - Starting...
2021-05-24 11:14:28 [restartedMain] INFO  com.zaxxer.hikari.HikariDataSource - HikariPool-3 - Start completed.
2021-05-24 11:14:28 [restartedMain] INFO  org.hibernate.dialect.Dialect - HHH000400: Using dialect: org.hibernate.dialect.MySQL5Dialect
2021-05-24 11:14:28 [restartedMain] INFO  o.h.e.t.j.p.i.JtaPlatformInitiator - HHH000490: Using JtaPlatform implementation: [org.hibernate.engine.transaction.jta.platform.internal.NoJtaPlatform]
2021-05-24 11:14:28 [restartedMain] INFO  o.s.o.j.LocalContainerEntityManagerFactoryBean - Initialized JPA EntityManagerFactory for persistence unit 'default'
2021-05-24 11:14:28 [restartedMain] INFO  o.s.b.d.a.OptionalLiveReloadServer - LiveReload server is running on port 35729
2021-05-24 11:14:28 [restartedMain] WARN  o.s.b.w.s.c.AnnotationConfigServletWebServerApplicationContext - Exception encountered during context initialization - cancelling refresh attempt: org.springframework.beans.factory.BeanCreationException: Error creating bean with name 'dashboardController': Lookup method resolution failed; nested exception is java.lang.IllegalStateException: Failed to introspect Class [com.accenture.aiq.controller.DashboardController] from ClassLoader [org.springframework.boot.devtools.restart.classloader.RestartClassLoader@4ffb49b9]
2021-05-24 11:14:28 [restartedMain] INFO  o.s.o.j.LocalContainerEntityManagerFactoryBean - Closing JPA EntityManagerFactory for persistence unit 'default'
2021-05-24 11:14:28 [restartedMain] INFO  com.zaxxer.hikari.HikariDataSource - HikariPool-3 - Shutdown initiated...
2021-05-24 11:14:28 [restartedMain] INFO  com.zaxxer.hikari.HikariDataSource - HikariPool-3 - Shutdown completed.
2021-05-24 11:14:28 [restartedMain] INFO  o.a.catalina.core.StandardService - Stopping service [Tomcat]
2021-05-24 11:14:28 [restartedMain] INFO  o.s.b.a.l.ConditionEvaluationReportLoggingListener - 

Error starting ApplicationContext. To display the conditions report re-run your application with 'debug' enabled.
2021-05-24 11:14:28 [restartedMain] ERROR o.s.boot.SpringApplication - Application run failed
org.springframework.beans.factory.BeanCreationException: Error creating bean with name 'dashboardController': Lookup method resolution failed; nested exception is java.lang.IllegalStateException: Failed to introspect Class [com.accenture.aiq.controller.DashboardController] from ClassLoader [org.springframework.boot.devtools.restart.classloader.RestartClassLoader@4ffb49b9]
	at org.springframework.beans.factory.annotation.AutowiredAnnotationBeanPostProcessor.determineCandidateConstructors(AutowiredAnnotationBeanPostProcessor.java:289)
	at org.springframework.beans.factory.support.AbstractAutowireCapableBeanFactory.determineConstructorsFromBeanPostProcessors(AbstractAutowireCapableBeanFactory.java:1290)
	at org.springframework.beans.factory.support.AbstractAutowireCapableBeanFactory.createBeanInstance(AbstractAutowireCapableBeanFactory.java:1205)
	at org.springframework.beans.factory.support.AbstractAutowireCapableBeanFactory.doCreateBean(AbstractAutowireCapableBeanFactory.java:556)
	at org.springframework.beans.factory.support.AbstractAutowireCapableBeanFactory.createBean(AbstractAutowireCapableBeanFactory.java:516)
	at org.springframework.beans.factory.support.AbstractBeanFactory.lambda$doGetBean$0(AbstractBeanFactory.java:324)
	at org.springframework.beans.factory.support.DefaultSingletonBeanRegistry.getSingleton(DefaultSingletonBeanRegistry.java:234)
	at org.springframework.beans.factory.support.AbstractBeanFactory.doGetBean(AbstractBeanFactory.java:322)
	at org.springframework.beans.factory.support.AbstractBeanFactory.getBean(AbstractBeanFactory.java:202)
	at org.springframework.beans.factory.support.DefaultListableBeanFactory.preInstantiateSingletons(DefaultListableBeanFactory.java:897)
	at org.springframework.context.support.AbstractApplicationContext.finishBeanFactoryInitialization(AbstractApplicationContext.java:879)
	at org.springframework.context.support.AbstractApplicationContext.refresh(AbstractApplicationContext.java:551)
	at org.springframework.boot.web.servlet.context.ServletWebServerApplicationContext.refresh(ServletWebServerApplicationContext.java:143)
	at org.springframework.boot.SpringApplication.refresh(SpringApplication.java:758)
	at org.springframework.boot.SpringApplication.refresh(SpringApplication.java:750)
	at org.springframework.boot.SpringApplication.refreshContext(SpringApplication.java:405)
	at org.springframework.boot.SpringApplication.run(SpringApplication.java:315)
	at org.springframework.boot.SpringApplication.run(SpringApplication.java:1237)
	at org.springframework.boot.SpringApplication.run(SpringApplication.java:1226)
	at com.accenture.aiq.AiqApplication.main(AiqApplication.java:12)
	at sun.reflect.NativeMethodAccessorImpl.invoke0(Native Method)
	at sun.reflect.NativeMethodAccessorImpl.invoke(NativeMethodAccessorImpl.java:62)
	at sun.reflect.DelegatingMethodAccessorImpl.invoke(DelegatingMethodAccessorImpl.java:43)
	at java.lang.reflect.Method.invoke(Method.java:498)
	at org.springframework.boot.devtools.restart.RestartLauncher.run(RestartLauncher.java:49)
Caused by: java.lang.IllegalStateException: Failed to introspect Class [com.accenture.aiq.controller.DashboardController] from ClassLoader [org.springframework.boot.devtools.restart.classloader.RestartClassLoader@4ffb49b9]
	at org.springframework.util.ReflectionUtils.getDeclaredMethods(ReflectionUtils.java:481)
	at org.springframework.util.ReflectionUtils.doWithLocalMethods(ReflectionUtils.java:321)
	at org.springframework.beans.factory.annotation.AutowiredAnnotationBeanPostProcessor.determineCandidateConstructors(AutowiredAnnotationBeanPostProcessor.java:267)
	... 24 common frames omitted
Caused by: java.lang.NoClassDefFoundError: DashboardResult
	at java.lang.Class.getDeclaredMethods0(Native Method)
	at java.lang.Class.privateGetDeclaredMethods(Class.java:2701)
	at java.lang.Class.getDeclaredMethods(Class.java:1975)
	at org.springframework.util.ReflectionUtils.getDeclaredMethods(ReflectionUtils.java:463)
	... 26 common frames omitted
Caused by: java.lang.ClassNotFoundException: DashboardResult
	at java.net.URLClassLoader.findClass(URLClassLoader.java:382)
	at java.lang.ClassLoader.loadClass(ClassLoader.java:418)
	at sun.misc.Launcher$AppClassLoader.loadClass(Launcher.java:355)
	at java.lang.ClassLoader.loadClass(ClassLoader.java:351)
	at java.lang.Class.forName0(Native Method)
	at java.lang.Class.forName(Class.java:348)
	at org.springframework.boot.devtools.restart.classloader.RestartClassLoader.loadClass(RestartClassLoader.java:144)
	at java.lang.ClassLoader.loadClass(ClassLoader.java:351)
	... 30 common frames omitted
2021-05-24 11:14:43 [restartedMain] INFO  com.accenture.aiq.AiqApplication - Starting AiqApplication on AMAC02XP0CVJG5L with PID 10511 (/Users/manishkalra/Desktop/accenture/AIQ-repo/surevy-questionaire/AIQ/target/classes started by manishkalra in /Users/manishkalra/Desktop/accenture/AIQ-repo/surevy-questionaire/AIQ)
2021-05-24 11:14:43 [restartedMain] DEBUG com.accenture.aiq.AiqApplication - Running with Spring Boot v2.3.9.RELEASE, Spring v5.2.13.RELEASE
2021-05-24 11:14:43 [restartedMain] INFO  com.accenture.aiq.AiqApplication - No active profile set, falling back to default profiles: default
2021-05-24 11:14:43 [restartedMain] INFO  o.s.b.d.e.DevToolsPropertyDefaultsPostProcessor - Devtools property defaults active! Set 'spring.devtools.add-properties' to 'false' to disable
2021-05-24 11:14:43 [restartedMain] INFO  o.s.b.d.e.DevToolsPropertyDefaultsPostProcessor - For additional web related logging consider setting the 'logging.level.web' property to 'DEBUG'
2021-05-24 11:14:43 [restartedMain] INFO  o.s.d.r.c.RepositoryConfigurationDelegate - Bootstrapping Spring Data JPA repositories in DEFAULT mode.
2021-05-24 11:14:43 [restartedMain] INFO  o.s.d.r.c.RepositoryConfigurationDelegate - Finished Spring Data repository scanning in 103ms. Found 14 JPA repository interfaces.
2021-05-24 11:14:44 [restartedMain] INFO  o.s.b.w.e.tomcat.TomcatWebServer - Tomcat initialized with port(s): 8081 (http)
2021-05-24 11:14:44 [restartedMain] INFO  o.a.coyote.http11.Http11NioProtocol - Initializing ProtocolHandler ["http-nio-8081"]
2021-05-24 11:14:44 [restartedMain] INFO  o.a.catalina.core.StandardService - Starting service [Tomcat]
2021-05-24 11:14:44 [restartedMain] INFO  o.a.catalina.core.StandardEngine - Starting Servlet engine: [Apache Tomcat/9.0.43]
2021-05-24 11:14:44 [restartedMain] INFO  o.a.c.c.C.[Tomcat].[localhost].[/] - Initializing Spring embedded WebApplicationContext
2021-05-24 11:14:44 [restartedMain] INFO  o.s.b.w.s.c.ServletWebServerApplicationContext - Root WebApplicationContext: initialization completed in 1321 ms
2021-05-24 11:14:44 [restartedMain] INFO  o.h.jpa.internal.util.LogHelper - HHH000204: Processing PersistenceUnitInfo [name: default]
2021-05-24 11:14:44 [restartedMain] INFO  org.hibernate.Version - HHH000412: Hibernate ORM core version 5.4.28.Final
2021-05-24 11:14:44 [restartedMain] INFO  o.h.annotations.common.Version - HCANN000001: Hibernate Commons Annotations {5.1.2.Final}
2021-05-24 11:14:44 [restartedMain] INFO  com.zaxxer.hikari.HikariDataSource - HikariPool-1 - Starting...
2021-05-24 11:14:50 [restartedMain] INFO  com.zaxxer.hikari.HikariDataSource - HikariPool-1 - Start completed.
2021-05-24 11:14:50 [restartedMain] INFO  org.hibernate.dialect.Dialect - HHH000400: Using dialect: org.hibernate.dialect.MySQL5Dialect
2021-05-24 11:14:50 [restartedMain] INFO  o.h.e.t.j.p.i.JtaPlatformInitiator - HHH000490: Using JtaPlatform implementation: [org.hibernate.engine.transaction.jta.platform.internal.NoJtaPlatform]
2021-05-24 11:14:50 [restartedMain] INFO  o.s.o.j.LocalContainerEntityManagerFactoryBean - Initialized JPA EntityManagerFactory for persistence unit 'default'
2021-05-24 11:14:50 [restartedMain] INFO  o.s.b.d.a.OptionalLiveReloadServer - LiveReload server is running on port 35729
2021-05-24 11:14:51 [restartedMain] WARN  o.s.b.a.o.j.JpaBaseConfiguration$JpaWebConfiguration - spring.jpa.open-in-view is enabled by default. Therefore, database queries may be performed during view rendering. Explicitly configure spring.jpa.open-in-view to disable this warning
2021-05-24 11:14:51 [restartedMain] INFO  o.s.s.c.ThreadPoolTaskExecutor - Initializing ExecutorService 'applicationTaskExecutor'
2021-05-24 11:14:51 [restartedMain] INFO  o.s.b.a.w.s.WelcomePageHandlerMapping - Adding welcome page: class path resource [static/index.html]
2021-05-24 11:14:52 [restartedMain] INFO  o.a.coyote.http11.Http11NioProtocol - Starting ProtocolHandler ["http-nio-8081"]
2021-05-24 11:14:52 [restartedMain] INFO  o.s.b.w.e.tomcat.TomcatWebServer - Tomcat started on port(s): 8081 (http) with context path ''
2021-05-24 11:14:52 [restartedMain] INFO  com.accenture.aiq.AiqApplication - Started AiqApplication in 9.322 seconds (JVM running for 9.862)
2021-05-24 11:14:58 [http-nio-8081-exec-1] INFO  o.a.c.c.C.[Tomcat].[localhost].[/] - Initializing Spring DispatcherServlet 'dispatcherServlet'
2021-05-24 11:14:58 [http-nio-8081-exec-1] INFO  o.s.web.servlet.DispatcherServlet - Initializing Servlet 'dispatcherServlet'
2021-05-24 11:14:58 [http-nio-8081-exec-1] INFO  o.s.web.servlet.DispatcherServlet - Completed initialization in 8 ms
2021-05-24 11:14:58 [http-nio-8081-exec-2] INFO  com.accenture.aiq.AiqApplication - Request received for loading dashboard for user with id : 5
2021-05-24 11:14:58 [http-nio-8081-exec-2] DEBUG c.a.aiq.service.DashboardService - Inside DashboardService to get surveys for user:5, marketUnit:null and project:null
2021-05-24 11:14:58 [http-nio-8081-exec-2] DEBUG c.a.aiq.service.DashboardService - Number of Surveys for User:29
2021-05-24 11:14:58 [http-nio-8081-exec-2] INFO  c.a.aiq.service.DashboardService - Survey results for normal user:DashboardResult [surveys=com.accenture.aiq.dto.UserDashboard@7337d1e4]
2021-05-24 11:14:58 [http-nio-8081-exec-2] DEBUG com.accenture.aiq.AiqApplication - user dashboard response data: DashboardResult [surveys=com.accenture.aiq.dto.UserDashboard@7337d1e4]
2021-05-24 11:14:58 [http-nio-8081-exec-2] INFO  com.accenture.aiq.AiqApplication - Dashboard data generated for user with id: 5
2021-05-24 11:15:03 [http-nio-8081-exec-3] INFO  com.accenture.aiq.AiqApplication - Request received TO START THE SURVEY for user with id : 5, surveyId: 1
2021-05-24 11:15:03 [http-nio-8081-exec-3] DEBUG com.accenture.aiq.AiqApplication - START Survey response data: com.accenture.aiq.dto.NewSurveyDTO@12149438
2021-05-24 11:15:03 [http-nio-8081-exec-3] INFO  com.accenture.aiq.AiqApplication - START Survey data generated for user with id: 5, survetId: 1
2021-05-24 11:15:39 [http-nio-8081-exec-5] INFO  com.accenture.aiq.AiqApplication - Request received TO SAVE THE SURVEY
2021-05-24 11:15:39 [http-nio-8081-exec-5] DEBUG com.accenture.aiq.AiqApplication - SAVE Survey Request for user with id:5 , surveyId:1 ,projectId:13 
2021-05-24 11:15:39 [http-nio-8081-exec-5] DEBUG com.accenture.aiq.AiqApplication - SurveyResultRequestDTO [userId=5, surveyId=1, projectId=13, marketUnit=Interactive, clientGroup=RES, deliveryUnit=H&PS, clientName=H&M, cal=cora.stone, deliveryMD=anoop.g.jain, innovationLead=null, optionsData=[OptionsDTO [name=, value=1_1_5_3, comments= comments 001], OptionsDTO [name=, value=1_2_10_3, comments= comments 001], OptionsDTO [name=, value=1_3_15_3, comments= comments 001], OptionsDTO [name=, value=1_4_16_0, comments= comments 001], OptionsDTO [name=, value=1_5_21_0, comments= comments 001], OptionsDTO [name=, value=2_6_26_0, comments= comments 001], OptionsDTO [name=, value=2_7_31_0, comments= comments 001], OptionsDTO [name=, value=2_8_36_0, comments= comments 001], OptionsDTO [name=, value=2_9_41_0, comments= comments 001], OptionsDTO [name=, value=2_10_46_0, comments= comments 001], OptionsDTO [name=, value=3_11_51_0, comments= comments 001], OptionsDTO [name=, value=3_12_56_0, comments= comments 001], OptionsDTO [name=, value=3_13_61_0, comments= comments 001], OptionsDTO [name=, value=3_14_66_0, comments= comments 001], OptionsDTO [name=, value=4_15_71_0, comments= comments 001], OptionsDTO [name=, value=4_16_76_0, comments= comments 001], OptionsDTO [name=, value=4_17_81_0, comments= comments 001], OptionsDTO [name=, value=5_18_86_0, comments= comments 001], OptionsDTO [name=, value=5_19_91_0, comments= comments 001], OptionsDTO [name=, value=5_20_96_0, comments= comments 001], OptionsDTO [name=, value=5_21_101_0, comments= comments 001], OptionsDTO [name=, value=5_22_106_0, comments= comments 001], OptionsDTO [name=, value=6_23_111_0, comments= comments 001], OptionsDTO [name=, value=6_24_116_0, comments= comments 001], OptionsDTO [name=, value=6_25_121_0, comments= comments 001], OptionsDTO [name=, value=6_26_126_0, comments= comments 001], OptionsDTO [name=, value=7_27_131_0, comments= comments 001], OptionsDTO [name=, value=7_28_136_0, comments= comments 001], OptionsDTO [name=, value=7_29_141_0, comments= comments 001], OptionsDTO [name=, value=7_30_146_0, comments= comments 001], OptionsDTO [name=, value=8_31_151_0, comments= comments 001], OptionsDTO [name=, value=8_32_156_0, comments= comments 001], OptionsDTO [name=, value=8_33_161_0, comments= comments 001]]]
2021-05-24 11:15:39 [http-nio-8081-exec-5] INFO  com.accenture.aiq.AiqApplication - SAVE SURVEY done......
2021-05-24 11:15:39 [http-nio-8081-exec-6] INFO  com.accenture.aiq.AiqApplication - Request received for loading dashboard for user with id : 5
2021-05-24 11:15:39 [http-nio-8081-exec-6] DEBUG c.a.aiq.service.DashboardService - Inside DashboardService to get surveys for user:5, marketUnit:null and project:null
2021-05-24 11:15:39 [http-nio-8081-exec-6] DEBUG c.a.aiq.service.DashboardService - Number of Surveys for User:30
2021-05-24 11:15:39 [http-nio-8081-exec-6] INFO  c.a.aiq.service.DashboardService - Survey results for normal user:DashboardResult [surveys=com.accenture.aiq.dto.UserDashboard@ee642ee]
2021-05-24 11:15:39 [http-nio-8081-exec-6] DEBUG com.accenture.aiq.AiqApplication - user dashboard response data: DashboardResult [surveys=com.accenture.aiq.dto.UserDashboard@ee642ee]
2021-05-24 11:15:39 [http-nio-8081-exec-6] INFO  com.accenture.aiq.AiqApplication - Dashboard data generated for user with id: 5
2021-05-24 11:23:42 [http-nio-8081-exec-8] INFO  com.accenture.aiq.AiqApplication - Request received for loading dashboard for user with id : 5
2021-05-24 11:23:42 [http-nio-8081-exec-8] DEBUG c.a.aiq.service.DashboardService - Inside DashboardService to get surveys for user:5, marketUnit:null and project:null
2021-05-24 11:23:42 [http-nio-8081-exec-8] DEBUG c.a.aiq.service.DashboardService - Number of Surveys for User:30
2021-05-24 11:23:42 [http-nio-8081-exec-8] INFO  c.a.aiq.service.DashboardService - Survey results for normal user:DashboardResult [surveys=com.accenture.aiq.dto.UserDashboard@16fedd78]
2021-05-24 11:23:42 [http-nio-8081-exec-8] DEBUG com.accenture.aiq.AiqApplication - user dashboard response data: DashboardResult [surveys=com.accenture.aiq.dto.UserDashboard@16fedd78]
2021-05-24 11:23:42 [http-nio-8081-exec-8] INFO  com.accenture.aiq.AiqApplication - Dashboard data generated for user with id: 5
2021-05-24 11:28:39 [http-nio-8081-exec-1] INFO  com.accenture.aiq.AiqApplication - Request received TO RESUME THE SURVEY for user with id : 13, surveyId: 1
2021-05-24 11:28:47 [http-nio-8081-exec-2] INFO  com.accenture.aiq.AiqApplication - Request received TO SAVE THE SURVEY
2021-05-24 11:28:47 [http-nio-8081-exec-2] DEBUG com.accenture.aiq.AiqApplication - SAVE Survey Request for user with id:5 , surveyId:1 ,projectId:13 
2021-05-24 11:28:47 [http-nio-8081-exec-2] DEBUG com.accenture.aiq.AiqApplication - SurveyResultRequestDTO [userId=5, surveyId=1, projectId=13, marketUnit=Interactive, clientGroup=RES, deliveryUnit=H&PS, clientName=H&M, cal=cora.stone, deliveryMD=anoop.g.jain, innovationLead=null, optionsData=[OptionsDTO [name=, value=1_1_5_3, comments= comments 001], OptionsDTO [name=, value=1_2_10_3, comments= comments 001], OptionsDTO [name=, value=1_3_15_3, comments= comments 001], OptionsDTO [name=, value=1_4_16_0, comments= comments 001], OptionsDTO [name=, value=1_5_21_0, comments= comments 001], OptionsDTO [name=, value=2_6_26_0, comments= comments 001], OptionsDTO [name=, value=2_7_31_0, comments= comments 001], OptionsDTO [name=, value=2_8_36_0, comments= comments 001], OptionsDTO [name=, value=2_9_41_0, comments= comments 001], OptionsDTO [name=, value=2_10_46_0, comments= comments 001], OptionsDTO [name=, value=3_11_51_0, comments= comments 001], OptionsDTO [name=, value=3_12_56_0, comments= comments 001], OptionsDTO [name=, value=3_13_61_0, comments= comments 001], OptionsDTO [name=, value=3_14_66_0, comments= comments 001], OptionsDTO [name=, value=4_15_71_0, comments= comments 001], OptionsDTO [name=, value=4_16_76_0, comments= comments 001], OptionsDTO [name=, value=4_17_81_0, comments= comments 001], OptionsDTO [name=, value=5_18_86_0, comments= comments 001], OptionsDTO [name=, value=5_19_91_0, comments= comments 001], OptionsDTO [name=, value=5_20_96_0, comments= comments 001], OptionsDTO [name=, value=5_21_101_0, comments= comments 001], OptionsDTO [name=, value=5_22_106_0, comments= comments 001], OptionsDTO [name=, value=6_23_111_0, comments= comments 001], OptionsDTO [name=, value=6_24_116_0, comments= comments 001], OptionsDTO [name=, value=6_25_121_0, comments= comments 001], OptionsDTO [name=, value=6_26_126_0, comments= comments 001], OptionsDTO [name=, value=7_27_131_0, comments= comments 001], OptionsDTO [name=, value=7_28_136_0, comments= comments 001], OptionsDTO [name=, value=7_29_141_0, comments= comments 001], OptionsDTO [name=, value=7_30_146_0, comments= comments 001], OptionsDTO [name=, value=8_31_151_0, comments= comments 001], OptionsDTO [name=, value=8_32_156_0, comments= comments 001], OptionsDTO [name=, value=8_33_161_0, comments= comments 001]]]
2021-05-24 11:28:47 [http-nio-8081-exec-2] INFO  com.accenture.aiq.AiqApplication - SAVE SURVEY done......
2021-05-24 11:28:47 [http-nio-8081-exec-3] INFO  com.accenture.aiq.AiqApplication - Request received for loading dashboard for user with id : 5
2021-05-24 11:28:47 [http-nio-8081-exec-3] DEBUG c.a.aiq.service.DashboardService - Inside DashboardService to get surveys for user:5, marketUnit:null and project:null
2021-05-24 11:28:47 [http-nio-8081-exec-3] DEBUG c.a.aiq.service.DashboardService - Number of Surveys for User:30
2021-05-24 11:28:47 [http-nio-8081-exec-3] INFO  c.a.aiq.service.DashboardService - Survey results for normal user:DashboardResult [surveys=com.accenture.aiq.dto.UserDashboard@562ef952]
2021-05-24 11:28:47 [http-nio-8081-exec-3] DEBUG com.accenture.aiq.AiqApplication - user dashboard response data: DashboardResult [surveys=com.accenture.aiq.dto.UserDashboard@562ef952]
2021-05-24 11:28:47 [http-nio-8081-exec-3] INFO  com.accenture.aiq.AiqApplication - Dashboard data generated for user with id: 5
2021-05-24 11:37:24 [http-nio-8081-exec-5] INFO  com.accenture.aiq.AiqApplication - Request received for loading dashboard for user with id : 5
2021-05-24 11:37:24 [http-nio-8081-exec-5] DEBUG c.a.aiq.service.DashboardService - Inside DashboardService to get surveys for user:5, marketUnit:null and project:null
2021-05-24 11:37:24 [http-nio-8081-exec-5] DEBUG c.a.aiq.service.DashboardService - Number of Surveys for User:30
2021-05-24 11:37:24 [http-nio-8081-exec-5] INFO  c.a.aiq.service.DashboardService - Survey results for normal user:DashboardResult [surveys=com.accenture.aiq.dto.UserDashboard@4055d1da]
2021-05-24 11:37:24 [http-nio-8081-exec-5] DEBUG com.accenture.aiq.AiqApplication - user dashboard response data: DashboardResult [surveys=com.accenture.aiq.dto.UserDashboard@4055d1da]
2021-05-24 11:37:24 [http-nio-8081-exec-5] INFO  com.accenture.aiq.AiqApplication - Dashboard data generated for user with id: 5
2021-05-24 11:37:51 [http-nio-8081-exec-6] INFO  com.accenture.aiq.AiqApplication - Request received for loading dashboard for user with id : 5
2021-05-24 11:37:51 [http-nio-8081-exec-6] DEBUG c.a.aiq.service.DashboardService - Inside DashboardService to get surveys for user:5, marketUnit:null and project:null
2021-05-24 11:37:51 [http-nio-8081-exec-6] DEBUG c.a.aiq.service.DashboardService - Number of Surveys for User:30
2021-05-24 11:37:52 [http-nio-8081-exec-6] INFO  c.a.aiq.service.DashboardService - Survey results for normal user:DashboardResult [surveys=com.accenture.aiq.dto.UserDashboard@423049ae]
2021-05-24 11:37:52 [http-nio-8081-exec-6] DEBUG com.accenture.aiq.AiqApplication - user dashboard response data: DashboardResult [surveys=com.accenture.aiq.dto.UserDashboard@423049ae]
2021-05-24 11:37:52 [http-nio-8081-exec-6] INFO  com.accenture.aiq.AiqApplication - Dashboard data generated for user with id: 5
2021-05-24 11:38:51 [http-nio-8081-exec-8] INFO  com.accenture.aiq.AiqApplication - Request received for loading dashboard for user with id : 5
2021-05-24 11:38:51 [http-nio-8081-exec-8] DEBUG c.a.aiq.service.DashboardService - Inside DashboardService to get surveys for user:5, marketUnit:null and project:null
2021-05-24 11:38:51 [http-nio-8081-exec-8] DEBUG c.a.aiq.service.DashboardService - Number of Surveys for User:30
2021-05-24 11:38:51 [http-nio-8081-exec-8] INFO  c.a.aiq.service.DashboardService - Survey results for normal user:DashboardResult [surveys=com.accenture.aiq.dto.UserDashboard@92d39e1]
2021-05-24 11:38:51 [http-nio-8081-exec-8] DEBUG com.accenture.aiq.AiqApplication - user dashboard response data: DashboardResult [surveys=com.accenture.aiq.dto.UserDashboard@92d39e1]
2021-05-24 11:38:51 [http-nio-8081-exec-8] INFO  com.accenture.aiq.AiqApplication - Dashboard data generated for user with id: 5
2021-05-24 11:39:04 [http-nio-8081-exec-9] INFO  com.accenture.aiq.AiqApplication - Request received for loading dashboard for user with id : 5
2021-05-24 11:39:04 [http-nio-8081-exec-9] DEBUG c.a.aiq.service.DashboardService - Inside DashboardService to get surveys for user:5, marketUnit:null and project:null
2021-05-24 11:39:04 [http-nio-8081-exec-9] DEBUG c.a.aiq.service.DashboardService - Number of Surveys for User:30
2021-05-24 11:39:04 [http-nio-8081-exec-9] INFO  c.a.aiq.service.DashboardService - Survey results for normal user:DashboardResult [surveys=com.accenture.aiq.dto.UserDashboard@687e7a83]
2021-05-24 11:39:04 [http-nio-8081-exec-9] DEBUG com.accenture.aiq.AiqApplication - user dashboard response data: DashboardResult [surveys=com.accenture.aiq.dto.UserDashboard@687e7a83]
2021-05-24 11:39:04 [http-nio-8081-exec-9] INFO  com.accenture.aiq.AiqApplication - Dashboard data generated for user with id: 5
2021-05-24 11:43:01 [http-nio-8081-exec-2] INFO  com.accenture.aiq.AiqApplication - Request received for loading dashboard for user with id : 5
2021-05-24 11:43:01 [http-nio-8081-exec-2] DEBUG c.a.aiq.service.DashboardService - Inside DashboardService to get surveys for user:5, marketUnit:null and project:null
2021-05-24 11:43:01 [http-nio-8081-exec-2] DEBUG c.a.aiq.service.DashboardService - Number of Surveys for User:30
2021-05-24 11:43:01 [http-nio-8081-exec-2] INFO  c.a.aiq.service.DashboardService - Survey results for normal user:DashboardResult [surveys=com.accenture.aiq.dto.UserDashboard@7a874189]
2021-05-24 11:43:01 [http-nio-8081-exec-2] DEBUG com.accenture.aiq.AiqApplication - user dashboard response data: DashboardResult [surveys=com.accenture.aiq.dto.UserDashboard@7a874189]
2021-05-24 11:43:01 [http-nio-8081-exec-2] INFO  com.accenture.aiq.AiqApplication - Dashboard data generated for user with id: 5
2021-05-24 11:43:15 [http-nio-8081-exec-3] INFO  com.accenture.aiq.AiqApplication - Request received TO RESUME THE SURVEY for user with id : 13, surveyId: 1
2021-05-24 11:43:20 [http-nio-8081-exec-4] INFO  com.accenture.aiq.AiqApplication - Request received TO SAVE THE SURVEY
2021-05-24 11:43:20 [http-nio-8081-exec-4] DEBUG com.accenture.aiq.AiqApplication - SAVE Survey Request for user with id:5 , surveyId:1 ,projectId:13 
2021-05-24 11:43:20 [http-nio-8081-exec-4] DEBUG com.accenture.aiq.AiqApplication - SurveyResultRequestDTO [userId=5, surveyId=1, projectId=13, marketUnit=Interactive, clientGroup=RES, deliveryUnit=H&PS, clientName=H&M, cal=cora.stone, deliveryMD=anoop.g.jain, innovationLead=null, optionsData=[OptionsDTO [name=, value=1_1_5_3, comments= comments 001], OptionsDTO [name=, value=1_2_10_3, comments= comments 001], OptionsDTO [name=, value=1_3_15_3, comments= comments 001], OptionsDTO [name=, value=1_4_16_0, comments= comments 001], OptionsDTO [name=, value=1_5_21_0, comments= comments 001], OptionsDTO [name=, value=2_6_26_0, comments= comments 001], OptionsDTO [name=, value=2_7_31_0, comments= comments 001], OptionsDTO [name=, value=2_8_36_0, comments= comments 001], OptionsDTO [name=, value=2_9_41_0, comments= comments 001], OptionsDTO [name=, value=2_10_46_0, comments= comments 001], OptionsDTO [name=, value=3_11_51_0, comments= comments 001], OptionsDTO [name=, value=3_12_56_0, comments= comments 001], OptionsDTO [name=, value=3_13_61_0, comments= comments 001], OptionsDTO [name=, value=3_14_66_0, comments= comments 001], OptionsDTO [name=, value=4_15_71_0, comments= comments 001], OptionsDTO [name=, value=4_16_76_0, comments= comments 001], OptionsDTO [name=, value=4_17_81_0, comments= comments 001], OptionsDTO [name=, value=5_18_86_0, comments= comments 001], OptionsDTO [name=, value=5_19_91_0, comments= comments 001], OptionsDTO [name=, value=5_20_96_0, comments= comments 001], OptionsDTO [name=, value=5_21_101_0, comments= comments 001], OptionsDTO [name=, value=5_22_106_0, comments= comments 001], OptionsDTO [name=, value=6_23_111_0, comments= comments 001], OptionsDTO [name=, value=6_24_116_0, comments= comments 001], OptionsDTO [name=, value=6_25_121_0, comments= comments 001], OptionsDTO [name=, value=6_26_126_0, comments= comments 001], OptionsDTO [name=, value=7_27_131_0, comments= comments 001], OptionsDTO [name=, value=7_28_136_0, comments= comments 001], OptionsDTO [name=, value=7_29_141_0, comments= comments 001], OptionsDTO [name=, value=7_30_146_0, comments= comments 001], OptionsDTO [name=, value=8_31_151_0, comments= comments 001], OptionsDTO [name=, value=8_32_156_0, comments= comments 001], OptionsDTO [name=, value=8_33_161_0, comments= comments 001]]]
2021-05-24 11:43:20 [http-nio-8081-exec-4] INFO  com.accenture.aiq.AiqApplication - SAVE SURVEY done......
2021-05-24 11:43:20 [http-nio-8081-exec-5] INFO  com.accenture.aiq.AiqApplication - Request received for loading dashboard for user with id : 5
2021-05-24 11:43:20 [http-nio-8081-exec-5] DEBUG c.a.aiq.service.DashboardService - Inside DashboardService to get surveys for user:5, marketUnit:null and project:null
2021-05-24 11:43:20 [http-nio-8081-exec-5] DEBUG c.a.aiq.service.DashboardService - Number of Surveys for User:30
2021-05-24 11:43:20 [http-nio-8081-exec-5] INFO  c.a.aiq.service.DashboardService - Survey results for normal user:DashboardResult [surveys=com.accenture.aiq.dto.UserDashboard@357e70f1]
2021-05-24 11:43:20 [http-nio-8081-exec-5] DEBUG com.accenture.aiq.AiqApplication - user dashboard response data: DashboardResult [surveys=com.accenture.aiq.dto.UserDashboard@357e70f1]
2021-05-24 11:43:20 [http-nio-8081-exec-5] INFO  com.accenture.aiq.AiqApplication - Dashboard data generated for user with id: 5
2021-05-24 11:46:20 [http-nio-8081-exec-7] INFO  com.accenture.aiq.AiqApplication - Request received TO RESUME THE SURVEY for user with id : 13, surveyId: 1
2021-05-24 11:46:55 [http-nio-8081-exec-9] INFO  com.accenture.aiq.AiqApplication - Request received TO SAVE THE SURVEY
2021-05-24 11:46:55 [http-nio-8081-exec-9] DEBUG com.accenture.aiq.AiqApplication - SAVE Survey Request for user with id:5 , surveyId:1 ,projectId:13 
2021-05-24 11:46:55 [http-nio-8081-exec-9] DEBUG com.accenture.aiq.AiqApplication - SurveyResultRequestDTO [userId=5, surveyId=1, projectId=13, marketUnit=Interactive, clientGroup=RES, deliveryUnit=H&PS, clientName=H&M, cal=cora.stone, deliveryMD=anoop.g.jain, innovationLead=null, optionsData=[OptionsDTO [name=, value=1_1_5_3, comments= comments 001], OptionsDTO [name=, value=1_2_10_3, comments= comments 001], OptionsDTO [name=, value=1_3_15_3, comments= comments 001], OptionsDTO [name=, value=1_4_16_0, comments= comments 001], OptionsDTO [name=, value=1_5_21_0, comments= comments 001], OptionsDTO [name=, value=2_6_26_0, comments= comments 001], OptionsDTO [name=, value=2_7_31_0, comments= comments 001], OptionsDTO [name=, value=2_8_36_0, comments= comments 001], OptionsDTO [name=, value=2_9_41_0, comments= comments 001], OptionsDTO [name=, value=2_10_46_0, comments= comments 001], OptionsDTO [name=, value=3_11_51_0, comments= comments 001], OptionsDTO [name=, value=3_12_56_0, comments= comments 001], OptionsDTO [name=, value=3_13_61_0, comments= comments 001], OptionsDTO [name=, value=3_14_66_0, comments= comments 001], OptionsDTO [name=, value=4_15_71_0, comments= comments 001], OptionsDTO [name=, value=4_16_76_0, comments= comments 001], OptionsDTO [name=, value=4_17_81_0, comments= comments 001], OptionsDTO [name=, value=5_18_86_0, comments= comments 001], OptionsDTO [name=, value=5_19_91_0, comments= comments 001], OptionsDTO [name=, value=5_20_96_0, comments= comments 001], OptionsDTO [name=, value=5_21_101_0, comments= comments 001], OptionsDTO [name=, value=5_22_106_0, comments= comments 001], OptionsDTO [name=, value=6_23_111_0, comments= comments 001], OptionsDTO [name=, value=6_24_116_0, comments= comments 001], OptionsDTO [name=, value=6_25_121_0, comments= comments 001], OptionsDTO [name=, value=6_26_126_0, comments= comments 001], OptionsDTO [name=, value=7_27_131_0, comments= comments 001], OptionsDTO [name=, value=7_28_136_0, comments= comments 001], OptionsDTO [name=, value=7_29_141_0, comments= comments 001], OptionsDTO [name=, value=7_30_146_0, comments= comments 001], OptionsDTO [name=, value=8_31_151_0, comments= comments 001], OptionsDTO [name=, value=8_32_156_0, comments= comments 001], OptionsDTO [name=, value=8_33_161_0, comments= comments 001]]]
2021-05-24 11:46:55 [http-nio-8081-exec-9] INFO  com.accenture.aiq.AiqApplication - SAVE SURVEY done......
2021-05-24 11:46:55 [http-nio-8081-exec-10] INFO  com.accenture.aiq.AiqApplication - Request received for loading dashboard for user with id : 5
2021-05-24 11:46:55 [http-nio-8081-exec-10] DEBUG c.a.aiq.service.DashboardService - Inside DashboardService to get surveys for user:5, marketUnit:null and project:null
2021-05-24 11:46:55 [http-nio-8081-exec-10] DEBUG c.a.aiq.service.DashboardService - Number of Surveys for User:30
2021-05-24 11:46:55 [http-nio-8081-exec-10] INFO  c.a.aiq.service.DashboardService - Survey results for normal user:DashboardResult [surveys=com.accenture.aiq.dto.UserDashboard@3a0d4b52]
2021-05-24 11:46:55 [http-nio-8081-exec-10] DEBUG com.accenture.aiq.AiqApplication - user dashboard response data: DashboardResult [surveys=com.accenture.aiq.dto.UserDashboard@3a0d4b52]
2021-05-24 11:46:55 [http-nio-8081-exec-10] INFO  com.accenture.aiq.AiqApplication - Dashboard data generated for user with id: 5
2021-05-24 11:46:57 [http-nio-8081-exec-1] INFO  com.accenture.aiq.AiqApplication - Request received TO RESUME THE SURVEY for user with id : 13, surveyId: 1
2021-05-24 11:47:07 [http-nio-8081-exec-2] INFO  com.accenture.aiq.AiqApplication - Request received TO SAVE THE SURVEY
2021-05-24 11:47:07 [http-nio-8081-exec-2] DEBUG com.accenture.aiq.AiqApplication - SAVE Survey Request for user with id:5 , surveyId:1 ,projectId:13 
2021-05-24 11:47:07 [http-nio-8081-exec-2] DEBUG com.accenture.aiq.AiqApplication - SurveyResultRequestDTO [userId=5, surveyId=1, projectId=13, marketUnit=Interactive, clientGroup=RES, deliveryUnit=H&PS, clientName=H&M, cal=cora.stone, deliveryMD=rajendra.joshi, innovationLead=null, optionsData=[OptionsDTO [name=, value=1_1_5_3, comments= comments 001], OptionsDTO [name=, value=1_2_10_3, comments= comments 001], OptionsDTO [name=, value=1_3_15_3, comments= comments 001], OptionsDTO [name=, value=1_4_16_0, comments= comments 001], OptionsDTO [name=, value=1_5_21_0, comments= comments 001], OptionsDTO [name=, value=2_6_26_0, comments= comments 001], OptionsDTO [name=, value=2_7_31_0, comments= comments 001], OptionsDTO [name=, value=2_8_36_0, comments= comments 001], OptionsDTO [name=, value=2_9_41_0, comments= comments 001], OptionsDTO [name=, value=2_10_46_0, comments= comments 001], OptionsDTO [name=, value=3_11_51_0, comments= comments 001], OptionsDTO [name=, value=3_12_56_0, comments= comments 001], OptionsDTO [name=, value=3_13_61_0, comments= comments 001], OptionsDTO [name=, value=3_14_66_0, comments= comments 001], OptionsDTO [name=, value=4_15_71_0, comments= comments 001], OptionsDTO [name=, value=4_16_76_0, comments= comments 001], OptionsDTO [name=, value=4_17_81_0, comments= comments 001], OptionsDTO [name=, value=5_18_86_0, comments= comments 001], OptionsDTO [name=, value=5_19_91_0, comments= comments 001], OptionsDTO [name=, value=5_20_96_0, comments= comments 001], OptionsDTO [name=, value=5_21_101_0, comments= comments 001], OptionsDTO [name=, value=5_22_106_0, comments= comments 001], OptionsDTO [name=, value=6_23_111_0, comments= comments 001], OptionsDTO [name=, value=6_24_116_0, comments= comments 001], OptionsDTO [name=, value=6_25_121_0, comments= comments 001], OptionsDTO [name=, value=6_26_126_0, comments= comments 001], OptionsDTO [name=, value=7_27_131_0, comments= comments 001], OptionsDTO [name=, value=7_28_136_0, comments= comments 001], OptionsDTO [name=, value=7_29_141_0, comments= comments 001], OptionsDTO [name=, value=7_30_146_0, comments= comments 001], OptionsDTO [name=, value=8_31_151_0, comments= comments 001], OptionsDTO [name=, value=8_32_156_0, comments= comments 001], OptionsDTO [name=, value=8_33_161_0, comments= comments 001]]]
2021-05-24 11:47:07 [http-nio-8081-exec-2] INFO  com.accenture.aiq.AiqApplication - SAVE SURVEY done......
2021-05-24 11:47:07 [http-nio-8081-exec-3] INFO  com.accenture.aiq.AiqApplication - Request received for loading dashboard for user with id : 5
2021-05-24 11:47:07 [http-nio-8081-exec-3] DEBUG c.a.aiq.service.DashboardService - Inside DashboardService to get surveys for user:5, marketUnit:null and project:null
2021-05-24 11:47:07 [http-nio-8081-exec-3] DEBUG c.a.aiq.service.DashboardService - Number of Surveys for User:30
2021-05-24 11:47:07 [http-nio-8081-exec-3] INFO  c.a.aiq.service.DashboardService - Survey results for normal user:DashboardResult [surveys=com.accenture.aiq.dto.UserDashboard@77a71c14]
2021-05-24 11:47:07 [http-nio-8081-exec-3] DEBUG com.accenture.aiq.AiqApplication - user dashboard response data: DashboardResult [surveys=com.accenture.aiq.dto.UserDashboard@77a71c14]
2021-05-24 11:47:07 [http-nio-8081-exec-3] INFO  com.accenture.aiq.AiqApplication - Dashboard data generated for user with id: 5
2021-05-24 11:47:08 [http-nio-8081-exec-4] INFO  com.accenture.aiq.AiqApplication - Request received TO RESUME THE SURVEY for user with id : 13, surveyId: 1
2021-05-24 11:47:10 [http-nio-8081-exec-5] INFO  com.accenture.aiq.AiqApplication - Request received TO SAVE THE SURVEY
2021-05-24 11:47:10 [http-nio-8081-exec-5] DEBUG com.accenture.aiq.AiqApplication - SAVE Survey Request for user with id:5 , surveyId:1 ,projectId:13 
2021-05-24 11:47:10 [http-nio-8081-exec-5] DEBUG com.accenture.aiq.AiqApplication - SurveyResultRequestDTO [userId=5, surveyId=1, projectId=13, marketUnit=Interactive, clientGroup=RES, deliveryUnit=H&PS, clientName=H&M, cal=cora.stone, deliveryMD=rajendra.joshi, innovationLead=null, optionsData=[OptionsDTO [name=, value=1_1_5_3, comments= comments 001], OptionsDTO [name=, value=1_2_10_3, comments= comments 001], OptionsDTO [name=, value=1_3_15_3, comments= comments 001], OptionsDTO [name=, value=1_4_16_0, comments= comments 001], OptionsDTO [name=, value=1_5_21_0, comments= comments 001], OptionsDTO [name=, value=2_6_26_0, comments= comments 001], OptionsDTO [name=, value=2_7_31_0, comments= comments 001], OptionsDTO [name=, value=2_8_36_0, comments= comments 001], OptionsDTO [name=, value=2_9_41_0, comments= comments 001], OptionsDTO [name=, value=2_10_46_0, comments= comments 001], OptionsDTO [name=, value=3_11_51_0, comments= comments 001], OptionsDTO [name=, value=3_12_56_0, comments= comments 001], OptionsDTO [name=, value=3_13_61_0, comments= comments 001], OptionsDTO [name=, value=3_14_66_0, comments= comments 001], OptionsDTO [name=, value=4_15_71_0, comments= comments 001], OptionsDTO [name=, value=4_16_76_0, comments= comments 001], OptionsDTO [name=, value=4_17_81_0, comments= comments 001], OptionsDTO [name=, value=5_18_86_0, comments= comments 001], OptionsDTO [name=, value=5_19_91_0, comments= comments 001], OptionsDTO [name=, value=5_20_96_0, comments= comments 001], OptionsDTO [name=, value=5_21_101_0, comments= comments 001], OptionsDTO [name=, value=5_22_106_0, comments= comments 001], OptionsDTO [name=, value=6_23_111_0, comments= comments 001], OptionsDTO [name=, value=6_24_116_0, comments= comments 001], OptionsDTO [name=, value=6_25_121_0, comments= comments 001], OptionsDTO [name=, value=6_26_126_0, comments= comments 001], OptionsDTO [name=, value=7_27_131_0, comments= comments 001], OptionsDTO [name=, value=7_28_136_0, comments= comments 001], OptionsDTO [name=, value=7_29_141_0, comments= comments 001], OptionsDTO [name=, value=7_30_146_0, comments= comments 001], OptionsDTO [name=, value=8_31_151_0, comments= comments 001], OptionsDTO [name=, value=8_32_156_0, comments= comments 001], OptionsDTO [name=, value=8_33_161_0, comments= comments 001]]]
2021-05-24 11:47:10 [http-nio-8081-exec-5] INFO  com.accenture.aiq.AiqApplication - SAVE SURVEY done......
2021-05-24 11:47:10 [http-nio-8081-exec-6] INFO  com.accenture.aiq.AiqApplication - Request received for loading dashboard for user with id : 5
2021-05-24 11:47:10 [http-nio-8081-exec-6] DEBUG c.a.aiq.service.DashboardService - Inside DashboardService to get surveys for user:5, marketUnit:null and project:null
2021-05-24 11:47:10 [http-nio-8081-exec-6] DEBUG c.a.aiq.service.DashboardService - Number of Surveys for User:30
2021-05-24 11:47:10 [http-nio-8081-exec-6] INFO  c.a.aiq.service.DashboardService - Survey results for normal user:DashboardResult [surveys=com.accenture.aiq.dto.UserDashboard@4f29d177]
2021-05-24 11:47:10 [http-nio-8081-exec-6] DEBUG com.accenture.aiq.AiqApplication - user dashboard response data: DashboardResult [surveys=com.accenture.aiq.dto.UserDashboard@4f29d177]
2021-05-24 11:47:10 [http-nio-8081-exec-6] INFO  com.accenture.aiq.AiqApplication - Dashboard data generated for user with id: 5
2021-05-24 11:50:43 [http-nio-8081-exec-8] INFO  com.accenture.aiq.AiqApplication - Request received TO RESUME THE SURVEY for user with id : 13, surveyId: 1
2021-05-24 11:50:45 [http-nio-8081-exec-9] INFO  com.accenture.aiq.AiqApplication - Request received TO SAVE THE SURVEY
2021-05-24 11:50:45 [http-nio-8081-exec-9] DEBUG com.accenture.aiq.AiqApplication - SAVE Survey Request for user with id:5 , surveyId:1 ,projectId:13 
2021-05-24 11:50:45 [http-nio-8081-exec-9] DEBUG com.accenture.aiq.AiqApplication - SurveyResultRequestDTO [userId=5, surveyId=1, projectId=13, marketUnit=Interactive, clientGroup=RES, deliveryUnit=H&PS, clientName=H&M, cal=cora.stone, deliveryMD=rajendra.joshi, innovationLead=null, optionsData=[OptionsDTO [name=, value=1_1_5_3, comments= comments 001], OptionsDTO [name=, value=1_2_10_3, comments= comments 001], OptionsDTO [name=, value=1_3_15_3, comments= comments 001], OptionsDTO [name=, value=1_4_16_0, comments= comments 001], OptionsDTO [name=, value=1_5_21_0, comments= comments 001], OptionsDTO [name=, value=2_6_26_0, comments= comments 001], OptionsDTO [name=, value=2_7_31_0, comments= comments 001], OptionsDTO [name=, value=2_8_36_0, comments= comments 001], OptionsDTO [name=, value=2_9_41_0, comments= comments 001], OptionsDTO [name=, value=2_10_46_0, comments= comments 001], OptionsDTO [name=, value=3_11_51_0, comments= comments 001], OptionsDTO [name=, value=3_12_56_0, comments= comments 001], OptionsDTO [name=, value=3_13_61_0, comments= comments 001], OptionsDTO [name=, value=3_14_66_0, comments= comments 001], OptionsDTO [name=, value=4_15_71_0, comments= comments 001], OptionsDTO [name=, value=4_16_76_0, comments= comments 001], OptionsDTO [name=, value=4_17_81_0, comments= comments 001], OptionsDTO [name=, value=5_18_86_0, comments= comments 001], OptionsDTO [name=, value=5_19_91_0, comments= comments 001], OptionsDTO [name=, value=5_20_96_0, comments= comments 001], OptionsDTO [name=, value=5_21_101_0, comments= comments 001], OptionsDTO [name=, value=5_22_106_0, comments= comments 001], OptionsDTO [name=, value=6_23_111_0, comments= comments 001], OptionsDTO [name=, value=6_24_116_0, comments= comments 001], OptionsDTO [name=, value=6_25_121_0, comments= comments 001], OptionsDTO [name=, value=6_26_126_0, comments= comments 001], OptionsDTO [name=, value=7_27_131_0, comments= comments 001], OptionsDTO [name=, value=7_28_136_0, comments= comments 001], OptionsDTO [name=, value=7_29_141_0, comments= comments 001], OptionsDTO [name=, value=7_30_146_0, comments= comments 001], OptionsDTO [name=, value=8_31_151_0, comments= comments 001], OptionsDTO [name=, value=8_32_156_0, comments= comments 001], OptionsDTO [name=, value=8_33_161_0, comments= comments 001]]]
2021-05-24 11:50:46 [http-nio-8081-exec-9] INFO  com.accenture.aiq.AiqApplication - SAVE SURVEY done......
2021-05-24 11:50:46 [http-nio-8081-exec-10] INFO  com.accenture.aiq.AiqApplication - Request received for loading dashboard for user with id : 5
2021-05-24 11:50:46 [http-nio-8081-exec-10] DEBUG c.a.aiq.service.DashboardService - Inside DashboardService to get surveys for user:5, marketUnit:null and project:null
2021-05-24 11:50:46 [http-nio-8081-exec-10] DEBUG c.a.aiq.service.DashboardService - Number of Surveys for User:30
2021-05-24 11:50:46 [http-nio-8081-exec-10] INFO  c.a.aiq.service.DashboardService - Survey results for normal user:DashboardResult [surveys=com.accenture.aiq.dto.UserDashboard@2accee56]
2021-05-24 11:50:46 [http-nio-8081-exec-10] DEBUG com.accenture.aiq.AiqApplication - user dashboard response data: DashboardResult [surveys=com.accenture.aiq.dto.UserDashboard@2accee56]
2021-05-24 11:50:46 [http-nio-8081-exec-10] INFO  com.accenture.aiq.AiqApplication - Dashboard data generated for user with id: 5
2021-05-24 12:30:45 [HikariPool-1 housekeeper] WARN  com.zaxxer.hikari.pool.HikariPool - HikariPool-1 - Thread starvation or clock leap detected (housekeeper delta=6m24s387ms).
2021-05-24 13:31:33 [http-nio-8081-exec-3] INFO  com.accenture.aiq.AiqApplication - Request received TO RESUME THE SURVEY for user with id : 13, surveyId: 1
2021-05-24 13:41:27 [http-nio-8081-exec-6] INFO  com.accenture.aiq.AiqApplication - Request received for loading dashboard for user with id : 5
2021-05-24 13:41:27 [http-nio-8081-exec-6] DEBUG c.a.aiq.service.DashboardService - Inside DashboardService to get surveys for user:5, marketUnit:null and project:null
2021-05-24 13:41:27 [http-nio-8081-exec-6] DEBUG c.a.aiq.service.DashboardService - Number of Surveys for User:30
2021-05-24 13:41:27 [http-nio-8081-exec-6] INFO  c.a.aiq.service.DashboardService - Survey results for normal user:DashboardResult [surveys=com.accenture.aiq.dto.UserDashboard@3b4ba92e]
2021-05-24 13:41:27 [http-nio-8081-exec-6] DEBUG com.accenture.aiq.AiqApplication - user dashboard response data: DashboardResult [surveys=com.accenture.aiq.dto.UserDashboard@3b4ba92e]
2021-05-24 13:41:27 [http-nio-8081-exec-6] INFO  com.accenture.aiq.AiqApplication - Dashboard data generated for user with id: 5
2021-05-24 13:43:04 [http-nio-8081-exec-8] INFO  com.accenture.aiq.AiqApplication - Request received for loading dashboard for user with id : 5
2021-05-24 13:43:04 [http-nio-8081-exec-8] DEBUG c.a.aiq.service.DashboardService - Inside DashboardService to get surveys for user:5, marketUnit:null and project:null
2021-05-24 13:43:04 [http-nio-8081-exec-8] DEBUG c.a.aiq.service.DashboardService - Number of Surveys for User:30
2021-05-24 13:43:04 [http-nio-8081-exec-8] INFO  c.a.aiq.service.DashboardService - Survey results for normal user:DashboardResult [surveys=com.accenture.aiq.dto.UserDashboard@22ba0d24]
2021-05-24 13:43:04 [http-nio-8081-exec-8] DEBUG com.accenture.aiq.AiqApplication - user dashboard response data: DashboardResult [surveys=com.accenture.aiq.dto.UserDashboard@22ba0d24]
2021-05-24 13:43:04 [http-nio-8081-exec-8] INFO  com.accenture.aiq.AiqApplication - Dashboard data generated for user with id: 5
2021-05-24 13:45:32 [http-nio-8081-exec-10] INFO  com.accenture.aiq.AiqApplication - Request received TO RESUME THE SURVEY for user with id : 13, surveyId: 1
2021-05-24 13:50:39 [http-nio-8081-exec-3] INFO  com.accenture.aiq.AiqApplication - Request received TO SUBMIT THE SURVEY
2021-05-24 13:50:39 [http-nio-8081-exec-3] DEBUG com.accenture.aiq.AiqApplication - SUBMIT Survey for user with userId:5, surveyId:1, projectId:13 
2021-05-24 13:50:39 [http-nio-8081-exec-3] DEBUG com.accenture.aiq.AiqApplication - SurveyResultRequestDTO [userId=5, surveyId=1, projectId=13, marketUnit=Interactive, clientGroup=RES, deliveryUnit=H&PS, clientName=H&M, cal=cora.stone, deliveryMD=rajendra.joshi, innovationLead=null, optionsData=[OptionsDTO [name=, value=1_1_5_3, comments= comments 001], OptionsDTO [name=, value=1_2_10_3, comments= comments 001], OptionsDTO [name=, value=1_3_14_2, comments= comments 001], OptionsDTO [name=, value=1_4_19_2, comments= comments 001], OptionsDTO [name=, value=1_5_24_2, comments= comments 001], OptionsDTO [name=, value=2_6_30_3, comments= comments 001], OptionsDTO [name=, value=2_7_35_3, comments= comments 001], OptionsDTO [name=, value=2_8_40_3, comments= comments 001], OptionsDTO [name=, value=2_9_43_1, comments= comments 001], OptionsDTO [name=, value=2_10_47_0, comments= comments 001], OptionsDTO [name=, value=3_11_55_3, comments= comments 001], OptionsDTO [name=, value=3_12_60_3, comments= comments 001], OptionsDTO [name=, value=3_13_65_3, comments= comments 001], OptionsDTO [name=, value=3_14_70_3, comments= comments 001], OptionsDTO [name=, value=4_15_74_2, comments= comments 001], OptionsDTO [name=, value=4_16_77_0, comments= comments 001], OptionsDTO [name=, value=4_17_83_1, comments= comments 001], OptionsDTO [name=, value=5_18_90_3, comments= comments 001], OptionsDTO [name=, value=5_19_95_3, comments= comments 001], OptionsDTO [name=, value=5_20_99_2, comments= comments 001], OptionsDTO [name=, value=5_21_104_2, comments= comments 001], OptionsDTO [name=, value=5_22_108_1, comments= comments 001], OptionsDTO [name=, value=6_23_115_3, comments= comments 001], OptionsDTO [name=, value=6_24_118_1, comments= comments 001], OptionsDTO [name=, value=6_25_124_2, comments= comments 001], OptionsDTO [name=, value=6_26_130_3, comments= comments 001], OptionsDTO [name=, value=7_27_135_3, comments= comments 001], OptionsDTO [name=, value=7_28_140_3, comments= comments 001], OptionsDTO [name=, value=7_29_144_2, comments= comments 001], OptionsDTO [name=, value=7_30_150_3, comments= comments 001], OptionsDTO [name=, value=8_31_155_3, comments= comments 001], OptionsDTO [name=, value=8_32_160_3, comments= comments 001], OptionsDTO [name=, value=8_33_163_1, comments= comments 001]]]
2021-05-24 13:50:39 [http-nio-8081-exec-3] INFO  com.accenture.aiq.AiqApplication - SUBMIT SURVEY done......
2021-05-24 14:10:33 [http-nio-8081-exec-5] INFO  com.accenture.aiq.AiqApplication - Request received for loading dashboard for user with id : 5
2021-05-24 14:10:33 [http-nio-8081-exec-5] DEBUG c.a.aiq.service.DashboardService - Inside DashboardService to get surveys for user:5, marketUnit:null and project:null
2021-05-24 14:10:33 [http-nio-8081-exec-5] DEBUG c.a.aiq.service.DashboardService - Number of Surveys for User:30
2021-05-24 14:10:33 [http-nio-8081-exec-5] INFO  c.a.aiq.service.DashboardService - Survey results for normal user:DashboardResult [surveys=com.accenture.aiq.dto.UserDashboard@16681abd]
2021-05-24 14:10:33 [http-nio-8081-exec-5] DEBUG com.accenture.aiq.AiqApplication - user dashboard response data: DashboardResult [surveys=com.accenture.aiq.dto.UserDashboard@16681abd]
2021-05-24 14:10:33 [http-nio-8081-exec-5] INFO  com.accenture.aiq.AiqApplication - Dashboard data generated for user with id: 5
2021-05-24 14:10:36 [http-nio-8081-exec-6] INFO  com.accenture.aiq.AiqApplication - Request received for loading dashboard for user with id : 5
2021-05-24 14:10:36 [http-nio-8081-exec-6] DEBUG c.a.aiq.service.DashboardService - Inside DashboardService to get surveys for user:5, marketUnit:null and project:null
2021-05-24 14:10:36 [http-nio-8081-exec-6] DEBUG c.a.aiq.service.DashboardService - Number of Surveys for User:30
2021-05-24 14:10:36 [http-nio-8081-exec-6] INFO  c.a.aiq.service.DashboardService - Survey results for normal user:DashboardResult [surveys=com.accenture.aiq.dto.UserDashboard@80f1021]
2021-05-24 14:10:36 [http-nio-8081-exec-6] DEBUG com.accenture.aiq.AiqApplication - user dashboard response data: DashboardResult [surveys=com.accenture.aiq.dto.UserDashboard@80f1021]
2021-05-24 14:10:36 [http-nio-8081-exec-6] INFO  com.accenture.aiq.AiqApplication - Dashboard data generated for user with id: 5
2021-05-24 14:10:57 [http-nio-8081-exec-8] INFO  com.accenture.aiq.AiqApplication - Request received for loading dashboard for user with id : 3
2021-05-24 14:10:57 [http-nio-8081-exec-8] DEBUG c.a.aiq.service.DashboardService - Inside DashboardService to get surveys for user:3, marketUnit:null and project:null
2021-05-24 14:10:57 [http-nio-8081-exec-8] DEBUG c.a.aiq.service.DashboardService - Number of Surveys for User:30
2021-05-24 14:10:57 [http-nio-8081-exec-8] INFO  c.a.aiq.service.DashboardService - Survey results for normal user:DashboardResult [surveys=com.accenture.aiq.dto.UserDashboard@2e170848]
2021-05-24 14:10:57 [http-nio-8081-exec-8] DEBUG com.accenture.aiq.AiqApplication - user dashboard response data: DashboardResult [surveys=com.accenture.aiq.dto.UserDashboard@2e170848]
2021-05-24 14:10:57 [http-nio-8081-exec-8] INFO  com.accenture.aiq.AiqApplication - Dashboard data generated for user with id: 3
2021-05-24 14:11:01 [http-nio-8081-exec-9] INFO  com.accenture.aiq.AiqApplication - Request received for loading dashboard for user with id : 3
2021-05-24 14:11:01 [http-nio-8081-exec-9] DEBUG c.a.aiq.service.DashboardService - Inside DashboardService to get surveys for user:3, marketUnit:null and project:null
2021-05-24 14:11:01 [http-nio-8081-exec-9] DEBUG c.a.aiq.service.DashboardService - Number of Surveys for User:30
2021-05-24 14:11:01 [http-nio-8081-exec-9] INFO  c.a.aiq.service.DashboardService - Survey results for normal user:DashboardResult [surveys=com.accenture.aiq.dto.UserDashboard@6db04156]
2021-05-24 14:11:01 [http-nio-8081-exec-9] DEBUG com.accenture.aiq.AiqApplication - user dashboard response data: DashboardResult [surveys=com.accenture.aiq.dto.UserDashboard@6db04156]
2021-05-24 14:11:01 [http-nio-8081-exec-9] INFO  com.accenture.aiq.AiqApplication - Dashboard data generated for user with id: 3
2021-05-24 14:11:05 [http-nio-8081-exec-10] INFO  com.accenture.aiq.AiqApplication - Request received for loading dashboard for user with id : 3
2021-05-24 14:11:05 [http-nio-8081-exec-10] DEBUG c.a.aiq.service.DashboardService - Inside DashboardService to get surveys for user:3, marketUnit:null and project:null
2021-05-24 14:11:05 [http-nio-8081-exec-10] DEBUG c.a.aiq.service.DashboardService - Number of Surveys for User:30
2021-05-24 14:11:05 [http-nio-8081-exec-10] INFO  c.a.aiq.service.DashboardService - Survey results for normal user:DashboardResult [surveys=com.accenture.aiq.dto.UserDashboard@5603a5e5]
2021-05-24 14:11:05 [http-nio-8081-exec-10] DEBUG com.accenture.aiq.AiqApplication - user dashboard response data: DashboardResult [surveys=com.accenture.aiq.dto.UserDashboard@5603a5e5]
2021-05-24 14:11:05 [http-nio-8081-exec-10] INFO  com.accenture.aiq.AiqApplication - Dashboard data generated for user with id: 3
2021-05-24 14:11:26 [http-nio-8081-exec-1] INFO  com.accenture.aiq.AiqApplication - Request received for loading dashboard for user with id : 3
2021-05-24 14:11:26 [http-nio-8081-exec-1] DEBUG c.a.aiq.service.DashboardService - Inside DashboardService to get surveys for user:3, marketUnit:null and project:null
2021-05-24 14:11:26 [http-nio-8081-exec-1] DEBUG c.a.aiq.service.DashboardService - Number of Surveys for User:30
2021-05-24 14:11:26 [http-nio-8081-exec-1] INFO  c.a.aiq.service.DashboardService - Survey results for normal user:DashboardResult [surveys=com.accenture.aiq.dto.UserDashboard@4f489f46]
2021-05-24 14:11:26 [http-nio-8081-exec-1] DEBUG com.accenture.aiq.AiqApplication - user dashboard response data: DashboardResult [surveys=com.accenture.aiq.dto.UserDashboard@4f489f46]
2021-05-24 14:11:26 [http-nio-8081-exec-1] INFO  com.accenture.aiq.AiqApplication - Dashboard data generated for user with id: 3
2021-05-24 14:11:59 [http-nio-8081-exec-3] INFO  com.accenture.aiq.AiqApplication - Request received for loading dashboard for user with id : 1
2021-05-24 14:11:59 [http-nio-8081-exec-3] DEBUG c.a.aiq.service.DashboardService - Inside DashboardService to get surveys for user:1, marketUnit:null and project:null
2021-05-24 14:11:59 [http-nio-8081-exec-3] INFO  c.a.aiq.service.DashboardService - Survey results for normal user:DashboardResult [surveys=null]
2021-05-24 14:11:59 [http-nio-8081-exec-3] DEBUG com.accenture.aiq.AiqApplication - user dashboard response data: DashboardResult [surveys=null]
2021-05-24 14:11:59 [http-nio-8081-exec-3] INFO  com.accenture.aiq.AiqApplication - Dashboard data generated for user with id: 1
2021-05-24 14:12:03 [http-nio-8081-exec-4] INFO  com.accenture.aiq.AiqApplication - Request received for loading dashboard for user with id : 1
2021-05-24 14:12:03 [http-nio-8081-exec-4] DEBUG c.a.aiq.service.DashboardService - Inside DashboardService to get surveys for user:1, marketUnit:null and project:null
2021-05-24 14:12:03 [http-nio-8081-exec-4] INFO  c.a.aiq.service.DashboardService - Survey results for normal user:DashboardResult [surveys=null]
2021-05-24 14:12:03 [http-nio-8081-exec-4] DEBUG com.accenture.aiq.AiqApplication - user dashboard response data: DashboardResult [surveys=null]
2021-05-24 14:12:03 [http-nio-8081-exec-4] INFO  com.accenture.aiq.AiqApplication - Dashboard data generated for user with id: 1
2021-05-24 14:12:15 [http-nio-8081-exec-6] INFO  com.accenture.aiq.AiqApplication - Request received for loading dashboard for user with id : 2
2021-05-24 14:12:15 [http-nio-8081-exec-6] DEBUG c.a.aiq.service.DashboardService - Inside DashboardService to get surveys for user:2, marketUnit:null and project:null
2021-05-24 14:12:15 [http-nio-8081-exec-6] DEBUG c.a.aiq.service.DashboardService - Number of Surveys for User:8
2021-05-24 14:12:15 [http-nio-8081-exec-6] INFO  c.a.aiq.service.DashboardService - Survey results for normal user:DashboardResult [surveys=com.accenture.aiq.dto.UserDashboard@704cc28]
2021-05-24 14:12:15 [http-nio-8081-exec-6] DEBUG com.accenture.aiq.AiqApplication - user dashboard response data: DashboardResult [surveys=com.accenture.aiq.dto.UserDashboard@704cc28]
2021-05-24 14:12:15 [http-nio-8081-exec-6] INFO  com.accenture.aiq.AiqApplication - Dashboard data generated for user with id: 2
2021-05-24 14:12:24 [http-nio-8081-exec-7] INFO  com.accenture.aiq.AiqApplication - Request received for loading dashboard for user with id : 3
2021-05-24 14:12:24 [http-nio-8081-exec-7] DEBUG c.a.aiq.service.DashboardService - Inside DashboardService to get surveys for user:3, marketUnit:null and project:null
2021-05-24 14:12:24 [http-nio-8081-exec-7] DEBUG c.a.aiq.service.DashboardService - Number of Surveys for User:30
2021-05-24 14:12:24 [http-nio-8081-exec-7] INFO  c.a.aiq.service.DashboardService - Survey results for normal user:DashboardResult [surveys=com.accenture.aiq.dto.UserDashboard@57a1d61e]
2021-05-24 14:12:24 [http-nio-8081-exec-7] DEBUG com.accenture.aiq.AiqApplication - user dashboard response data: DashboardResult [surveys=com.accenture.aiq.dto.UserDashboard@57a1d61e]
2021-05-24 14:12:24 [http-nio-8081-exec-7] INFO  com.accenture.aiq.AiqApplication - Dashboard data generated for user with id: 3
2021-05-24 14:31:51 [http-nio-8081-exec-10] INFO  com.accenture.aiq.AiqApplication - Request received TO START THE SURVEY for user with id : 3, surveyId: 1
2021-05-24 14:31:51 [http-nio-8081-exec-10] DEBUG com.accenture.aiq.AiqApplication - START Survey response data: com.accenture.aiq.dto.NewSurveyDTO@3424a605
2021-05-24 14:31:51 [http-nio-8081-exec-10] INFO  com.accenture.aiq.AiqApplication - START Survey data generated for user with id: 3, survetId: 1
2021-05-24 14:32:10 [http-nio-8081-exec-2] INFO  com.accenture.aiq.AiqApplication - Request received TO START THE SURVEY for user with id : 5, surveyId: 1
2021-05-24 14:32:10 [http-nio-8081-exec-2] DEBUG com.accenture.aiq.AiqApplication - START Survey response data: com.accenture.aiq.dto.NewSurveyDTO@d4133cc
2021-05-24 14:32:10 [http-nio-8081-exec-2] INFO  com.accenture.aiq.AiqApplication - START Survey data generated for user with id: 5, survetId: 1
2021-05-24 14:32:22 [http-nio-8081-exec-4] INFO  com.accenture.aiq.AiqApplication - Request received for loading dashboard for user with id : 5
2021-05-24 14:32:22 [http-nio-8081-exec-4] DEBUG c.a.aiq.service.DashboardService - Inside DashboardService to get surveys for user:5, marketUnit:null and project:null
2021-05-24 14:32:22 [http-nio-8081-exec-4] DEBUG c.a.aiq.service.DashboardService - Number of Surveys for User:30
2021-05-24 14:32:22 [http-nio-8081-exec-4] INFO  c.a.aiq.service.DashboardService - Survey results for normal user:DashboardResult [surveys=com.accenture.aiq.dto.UserDashboard@67141f03]
2021-05-24 14:32:22 [http-nio-8081-exec-4] DEBUG com.accenture.aiq.AiqApplication - user dashboard response data: DashboardResult [surveys=com.accenture.aiq.dto.UserDashboard@67141f03]
2021-05-24 14:32:22 [http-nio-8081-exec-4] INFO  com.accenture.aiq.AiqApplication - Dashboard data generated for user with id: 5
2021-05-24 14:32:26 [http-nio-8081-exec-5] INFO  com.accenture.aiq.AiqApplication - Request received TO START THE SURVEY for user with id : 5, surveyId: 1
2021-05-24 14:32:26 [http-nio-8081-exec-5] DEBUG com.accenture.aiq.AiqApplication - START Survey response data: com.accenture.aiq.dto.NewSurveyDTO@205f09a7
2021-05-24 14:32:26 [http-nio-8081-exec-5] INFO  com.accenture.aiq.AiqApplication - START Survey data generated for user with id: 5, survetId: 1
2021-05-24 14:34:32 [http-nio-8081-exec-8] INFO  com.accenture.aiq.AiqApplication - Request received TO SUBMIT THE SURVEY
2021-05-24 14:34:32 [http-nio-8081-exec-8] DEBUG com.accenture.aiq.AiqApplication - SUBMIT Survey for user with userId:5, surveyId:1, projectId:13 
2021-05-24 14:34:32 [http-nio-8081-exec-8] DEBUG com.accenture.aiq.AiqApplication - SurveyResultRequestDTO [userId=5, surveyId=1, projectId=13, marketUnit=ALL, clientGroup=H&PS, deliveryUnit=H&PS, clientName=H&M, cal=cora.stone, deliveryMD=anoop.g.jain, innovationLead=null, optionsData=[OptionsDTO [name=, value=1_1_5_3, comments= comments 001], OptionsDTO [name=, value=1_2_10_3, comments= comments 001], OptionsDTO [name=, value=1_3_14_2, comments= comments 001], OptionsDTO [name=, value=1_4_20_3, comments= comments 001], OptionsDTO [name=, value=1_5_24_2, comments= comments 001], OptionsDTO [name=, value=2_6_30_3, comments= comments 001], OptionsDTO [name=, value=2_7_35_3, comments= comments 001], OptionsDTO [name=, value=2_8_40_3, comments= comments 001], OptionsDTO [name=, value=2_9_45_3, comments= comments 001], OptionsDTO [name=, value=2_10_47_0, comments= comments 001], OptionsDTO [name=, value=3_11_54_2, comments= comments 001], OptionsDTO [name=, value=3_12_59_2, comments= comments 001], OptionsDTO [name=, value=3_13_64_2, comments= comments 001], OptionsDTO [name=, value=3_14_69_2, comments= comments 001], OptionsDTO [name=, value=4_15_74_2, comments= comments 001], OptionsDTO [name=, value=4_16_79_2, comments= comments 001], OptionsDTO [name=, value=4_17_84_2, comments= comments 001], OptionsDTO [name=, value=5_18_89_2, comments= comments 001], OptionsDTO [name=, value=5_19_95_3, comments= comments 001], OptionsDTO [name=, value=5_20_99_2, comments= comments 001], OptionsDTO [name=, value=5_21_104_2, comments= comments 001], OptionsDTO [name=, value=5_22_110_3, comments= comments 001], OptionsDTO [name=, value=6_23_115_3, comments= comments 001], OptionsDTO [name=, value=6_24_117_0, comments= comments 001], OptionsDTO [name=, value=6_25_123_1, comments= comments 001], OptionsDTO [name=, value=6_26_130_3, comments= comments 001], OptionsDTO [name=, value=7_27_134_2, comments= comments 001], OptionsDTO [name=, value=7_28_139_2, comments= comments 001], OptionsDTO [name=, value=7_29_144_2, comments= comments 001], OptionsDTO [name=, value=7_30_148_1, comments= comments 001], OptionsDTO [name=, value=8_31_155_3, comments= comments 001], OptionsDTO [name=, value=8_32_160_3, comments= comments 001], OptionsDTO [name=, value=8_33_164_2, comments= comments 001]]]
2021-05-24 14:34:32 [http-nio-8081-exec-8] INFO  com.accenture.aiq.AiqApplication - SUBMIT SURVEY done......
2021-05-24 14:37:52 [http-nio-8081-exec-10] INFO  com.accenture.aiq.AiqApplication - Request received for loading dashboard for user with id : 5
2021-05-24 14:37:52 [http-nio-8081-exec-10] DEBUG c.a.aiq.service.DashboardService - Inside DashboardService to get surveys for user:5, marketUnit:null and project:null
2021-05-24 14:37:52 [http-nio-8081-exec-10] DEBUG c.a.aiq.service.DashboardService - Number of Surveys for User:31
2021-05-24 14:37:52 [http-nio-8081-exec-10] INFO  c.a.aiq.service.DashboardService - Survey results for normal user:DashboardResult [surveys=com.accenture.aiq.dto.UserDashboard@2acfbdc9]
2021-05-24 14:37:52 [http-nio-8081-exec-10] DEBUG com.accenture.aiq.AiqApplication - user dashboard response data: DashboardResult [surveys=com.accenture.aiq.dto.UserDashboard@2acfbdc9]
2021-05-24 14:37:52 [http-nio-8081-exec-10] INFO  com.accenture.aiq.AiqApplication - Dashboard data generated for user with id: 5
2021-05-24 14:45:05 [http-nio-8081-exec-3] INFO  com.accenture.aiq.AiqApplication - Request received for loading dashboard for user with id : 3
2021-05-24 14:45:05 [http-nio-8081-exec-3] DEBUG c.a.aiq.service.DashboardService - Inside DashboardService to get surveys for user:3, marketUnit:null and project:null
2021-05-24 14:45:05 [http-nio-8081-exec-3] DEBUG c.a.aiq.service.DashboardService - Number of Surveys for User:31
2021-05-24 14:45:05 [http-nio-8081-exec-3] INFO  c.a.aiq.service.DashboardService - Survey results for normal user:DashboardResult [surveys=com.accenture.aiq.dto.UserDashboard@55a6174c]
2021-05-24 14:45:05 [http-nio-8081-exec-3] DEBUG com.accenture.aiq.AiqApplication - user dashboard response data: DashboardResult [surveys=com.accenture.aiq.dto.UserDashboard@55a6174c]
2021-05-24 14:45:05 [http-nio-8081-exec-3] INFO  com.accenture.aiq.AiqApplication - Dashboard data generated for user with id: 3
2021-05-24 14:45:17 [http-nio-8081-exec-4] INFO  com.accenture.aiq.AiqApplication - Request received for loading dashboard for user with id : 3
2021-05-24 14:45:17 [http-nio-8081-exec-4] DEBUG c.a.aiq.service.DashboardService - Inside DashboardService to get surveys for user:3, marketUnit:null and project:null
2021-05-24 14:45:17 [http-nio-8081-exec-4] DEBUG c.a.aiq.service.DashboardService - Number of Surveys for User:31
2021-05-24 14:45:17 [http-nio-8081-exec-4] INFO  c.a.aiq.service.DashboardService - Survey results for normal user:DashboardResult [surveys=com.accenture.aiq.dto.UserDashboard@25a4a012]
2021-05-24 14:45:17 [http-nio-8081-exec-4] DEBUG com.accenture.aiq.AiqApplication - user dashboard response data: DashboardResult [surveys=com.accenture.aiq.dto.UserDashboard@25a4a012]
2021-05-24 14:45:17 [http-nio-8081-exec-4] INFO  com.accenture.aiq.AiqApplication - Dashboard data generated for user with id: 3
2021-05-24 14:45:20 [http-nio-8081-exec-5] INFO  com.accenture.aiq.AiqApplication - Request received TO START THE SURVEY for user with id : 3, surveyId: 1
2021-05-24 14:45:20 [http-nio-8081-exec-5] DEBUG com.accenture.aiq.AiqApplication - START Survey response data: com.accenture.aiq.dto.NewSurveyDTO@376b146d
2021-05-24 14:45:20 [http-nio-8081-exec-5] INFO  com.accenture.aiq.AiqApplication - START Survey data generated for user with id: 3, survetId: 1
2021-05-24 14:45:39 [http-nio-8081-exec-6] INFO  com.accenture.aiq.AiqApplication - Request received for loading dashboard for user with id : 3
2021-05-24 14:45:39 [http-nio-8081-exec-6] DEBUG c.a.aiq.service.DashboardService - Inside DashboardService to get surveys for user:3, marketUnit:null and project:null
2021-05-24 14:45:39 [http-nio-8081-exec-6] DEBUG c.a.aiq.service.DashboardService - Number of Surveys for User:31
2021-05-24 14:45:39 [http-nio-8081-exec-6] INFO  c.a.aiq.service.DashboardService - Survey results for normal user:DashboardResult [surveys=com.accenture.aiq.dto.UserDashboard@6acb3953]
2021-05-24 14:45:39 [http-nio-8081-exec-6] DEBUG com.accenture.aiq.AiqApplication - user dashboard response data: DashboardResult [surveys=com.accenture.aiq.dto.UserDashboard@6acb3953]
2021-05-24 14:45:39 [http-nio-8081-exec-6] INFO  com.accenture.aiq.AiqApplication - Dashboard data generated for user with id: 3
2021-05-24 14:52:39 [http-nio-8081-exec-8] INFO  com.accenture.aiq.AiqApplication - Request received TO START THE SURVEY for user with id : 5, surveyId: 1
2021-05-24 14:52:39 [http-nio-8081-exec-8] DEBUG com.accenture.aiq.AiqApplication - START Survey response data: com.accenture.aiq.dto.NewSurveyDTO@b63694b
2021-05-24 14:52:39 [http-nio-8081-exec-8] INFO  com.accenture.aiq.AiqApplication - START Survey data generated for user with id: 5, survetId: 1
2021-05-24 14:54:57 [http-nio-8081-exec-10] INFO  com.accenture.aiq.AiqApplication - Request received for loading dashboard for user with id : 3
2021-05-24 14:54:57 [http-nio-8081-exec-10] DEBUG c.a.aiq.service.DashboardService - Inside DashboardService to get surveys for user:3, marketUnit:null and project:null
2021-05-24 14:54:57 [http-nio-8081-exec-10] DEBUG c.a.aiq.service.DashboardService - Number of Surveys for User:31
2021-05-24 14:54:57 [http-nio-8081-exec-10] INFO  c.a.aiq.service.DashboardService - Survey results for normal user:DashboardResult [surveys=com.accenture.aiq.dto.UserDashboard@4fedd5e4]
2021-05-24 14:54:57 [http-nio-8081-exec-10] DEBUG com.accenture.aiq.AiqApplication - user dashboard response data: DashboardResult [surveys=com.accenture.aiq.dto.UserDashboard@4fedd5e4]
2021-05-24 14:54:57 [http-nio-8081-exec-10] INFO  com.accenture.aiq.AiqApplication - Dashboard data generated for user with id: 3
2021-05-24 14:55:01 [http-nio-8081-exec-1] INFO  com.accenture.aiq.AiqApplication - Request received TO START THE SURVEY for user with id : 5, surveyId: 1
2021-05-24 14:55:01 [http-nio-8081-exec-1] DEBUG com.accenture.aiq.AiqApplication - START Survey response data: com.accenture.aiq.dto.NewSurveyDTO@6f4a3b2e
2021-05-24 14:55:01 [http-nio-8081-exec-1] INFO  com.accenture.aiq.AiqApplication - START Survey data generated for user with id: 5, survetId: 1
2021-05-24 14:55:21 [http-nio-8081-exec-3] INFO  com.accenture.aiq.AiqApplication - Request received TO SAVE THE SURVEY
2021-05-24 14:55:21 [http-nio-8081-exec-3] DEBUG com.accenture.aiq.AiqApplication - SAVE Survey Request for user with id:5 , surveyId:1 ,projectId:13 
2021-05-24 14:55:21 [http-nio-8081-exec-3] DEBUG com.accenture.aiq.AiqApplication - SurveyResultRequestDTO [userId=5, surveyId=1, projectId=13, marketUnit=Interactive, clientGroup=RES, deliveryUnit=PRD, clientName=H&M, cal=cora.stone, deliveryMD=rajendra.joshi, innovationLead=RAM, optionsData=[OptionsDTO [name=, value=1_1_1_0, comments= comments 001], OptionsDTO [name=, value=1_2_6_0, comments= comments 001], OptionsDTO [name=, value=1_3_11_0, comments= comments 001], OptionsDTO [name=, value=1_4_16_0, comments= comments 001], OptionsDTO [name=, value=1_5_21_0, comments= comments 001], OptionsDTO [name=, value=2_6_26_0, comments= comments 001], OptionsDTO [name=, value=2_7_31_0, comments= comments 001], OptionsDTO [name=, value=2_8_36_0, comments= comments 001], OptionsDTO [name=, value=2_9_41_0, comments= comments 001], OptionsDTO [name=, value=2_10_46_0, comments= comments 001], OptionsDTO [name=, value=3_11_51_0, comments= comments 001], OptionsDTO [name=, value=3_12_56_0, comments= comments 001], OptionsDTO [name=, value=3_13_61_0, comments= comments 001], OptionsDTO [name=, value=3_14_66_0, comments= comments 001], OptionsDTO [name=, value=4_15_71_0, comments= comments 001], OptionsDTO [name=, value=4_16_76_0, comments= comments 001], OptionsDTO [name=, value=4_17_81_0, comments= comments 001], OptionsDTO [name=, value=5_18_86_0, comments= comments 001], OptionsDTO [name=, value=5_19_91_0, comments= comments 001], OptionsDTO [name=, value=5_20_96_0, comments= comments 001], OptionsDTO [name=, value=5_21_101_0, comments= comments 001], OptionsDTO [name=, value=5_22_106_0, comments= comments 001], OptionsDTO [name=, value=6_23_111_0, comments= comments 001], OptionsDTO [name=, value=6_24_116_0, comments= comments 001], OptionsDTO [name=, value=6_25_121_0, comments= comments 001], OptionsDTO [name=, value=6_26_126_0, comments= comments 001], OptionsDTO [name=, value=7_27_131_0, comments= comments 001], OptionsDTO [name=, value=7_28_136_0, comments= comments 001], OptionsDTO [name=, value=7_29_141_0, comments= comments 001], OptionsDTO [name=, value=7_30_146_0, comments= comments 001], OptionsDTO [name=, value=8_31_151_0, comments= comments 001], OptionsDTO [name=, value=8_32_156_0, comments= comments 001], OptionsDTO [name=, value=8_33_161_0, comments= comments 001]]]
2021-05-24 14:55:21 [http-nio-8081-exec-3] INFO  com.accenture.aiq.AiqApplication - SAVE SURVEY done......
2021-05-24 14:55:21 [http-nio-8081-exec-4] INFO  com.accenture.aiq.AiqApplication - Request received for loading dashboard for user with id : 3
2021-05-24 14:55:21 [http-nio-8081-exec-4] DEBUG c.a.aiq.service.DashboardService - Inside DashboardService to get surveys for user:3, marketUnit:null and project:null
2021-05-24 14:55:21 [http-nio-8081-exec-4] DEBUG c.a.aiq.service.DashboardService - Number of Surveys for User:32
2021-05-24 14:55:21 [http-nio-8081-exec-4] INFO  c.a.aiq.service.DashboardService - Survey results for normal user:DashboardResult [surveys=com.accenture.aiq.dto.UserDashboard@5f3d588f]
2021-05-24 14:55:21 [http-nio-8081-exec-4] DEBUG com.accenture.aiq.AiqApplication - user dashboard response data: DashboardResult [surveys=com.accenture.aiq.dto.UserDashboard@5f3d588f]
2021-05-24 14:55:21 [http-nio-8081-exec-4] INFO  com.accenture.aiq.AiqApplication - Dashboard data generated for user with id: 3
2021-05-24 14:55:23 [http-nio-8081-exec-6] INFO  com.accenture.aiq.AiqApplication - Request received TO RESUME THE SURVEY for user with id : 13, surveyId: 1
2021-05-24 14:56:42 [http-nio-8081-exec-8] INFO  com.accenture.aiq.AiqApplication - Request received TO SUBMIT THE SURVEY
2021-05-24 14:56:42 [http-nio-8081-exec-8] DEBUG com.accenture.aiq.AiqApplication - SUBMIT Survey for user with userId:5, surveyId:1, projectId:13 
2021-05-24 14:56:42 [http-nio-8081-exec-8] DEBUG com.accenture.aiq.AiqApplication - SurveyResultRequestDTO [userId=5, surveyId=1, projectId=13, marketUnit=Interactive, clientGroup=RES, deliveryUnit=PRD, clientName=H&M, cal=cora.stone, deliveryMD=rajendra.joshi, innovationLead=RAM, optionsData=[OptionsDTO [name=, value=1_1_5_3, comments= comments 001], OptionsDTO [name=, value=1_2_10_3, comments= comments 001], OptionsDTO [name=, value=1_3_15_3, comments= comments 001], OptionsDTO [name=, value=1_4_20_3, comments= comments 001], OptionsDTO [name=, value=1_5_23_1, comments= comments 001], OptionsDTO [name=, value=2_6_30_3, comments= comments 001], OptionsDTO [name=, value=2_7_33_1, comments= comments 001], OptionsDTO [name=, value=2_8_37_0, comments= comments 001], OptionsDTO [name=, value=2_9_42_0, comments= comments 001], OptionsDTO [name=, value=2_10_50_3, comments= comments 001], OptionsDTO [name=, value=3_11_55_3, comments= comments 001], OptionsDTO [name=, value=3_12_59_2, comments= comments 001], OptionsDTO [name=, value=3_13_62_0, comments= comments 001], OptionsDTO [name=, value=3_14_67_0, comments= comments 001], OptionsDTO [name=, value=4_15_72_0, comments= comments 001], OptionsDTO [name=, value=4_16_77_0, comments= comments 001], OptionsDTO [name=, value=4_17_82_0, comments= comments 001], OptionsDTO [name=, value=5_18_90_3, comments= comments 001], OptionsDTO [name=, value=5_19_94_2, comments= comments 001], OptionsDTO [name=, value=5_20_98_1, comments= comments 001], OptionsDTO [name=, value=5_21_103_1, comments= comments 001], OptionsDTO [name=, value=5_22_109_2, comments= comments 001], OptionsDTO [name=, value=6_23_113_1, comments= comments 001], OptionsDTO [name=, value=6_24_118_1, comments= comments 001], OptionsDTO [name=, value=6_25_123_1, comments= comments 001], OptionsDTO [name=, value=6_26_129_2, comments= comments 001], OptionsDTO [name=, value=7_27_134_2, comments= comments 001], OptionsDTO [name=, value=7_28_140_3, comments= comments 001], OptionsDTO [name=, value=7_29_144_2, comments= comments 001], OptionsDTO [name=, value=7_30_149_2, comments= comments 001], OptionsDTO [name=, value=8_31_152_0, comments= comments 001], OptionsDTO [name=, value=8_32_157_0, comments= comments 001], OptionsDTO [name=, value=8_33_164_2, comments= comments 001]]]
2021-05-24 14:56:42 [http-nio-8081-exec-8] INFO  com.accenture.aiq.AiqApplication - SUBMIT SURVEY done......
2021-05-24 14:56:48 [http-nio-8081-exec-9] INFO  com.accenture.aiq.AiqApplication - Request received for loading dashboard for user with id : 3
2021-05-24 14:56:48 [http-nio-8081-exec-9] DEBUG c.a.aiq.service.DashboardService - Inside DashboardService to get surveys for user:3, marketUnit:null and project:null
2021-05-24 14:56:48 [http-nio-8081-exec-9] DEBUG c.a.aiq.service.DashboardService - Number of Surveys for User:32
2021-05-24 14:56:48 [http-nio-8081-exec-9] INFO  c.a.aiq.service.DashboardService - Survey results for normal user:DashboardResult [surveys=com.accenture.aiq.dto.UserDashboard@4ceb80e7]
2021-05-24 14:56:48 [http-nio-8081-exec-9] DEBUG com.accenture.aiq.AiqApplication - user dashboard response data: DashboardResult [surveys=com.accenture.aiq.dto.UserDashboard@4ceb80e7]
2021-05-24 14:56:48 [http-nio-8081-exec-9] INFO  com.accenture.aiq.AiqApplication - Dashboard data generated for user with id: 3
2021-05-24 15:23:49 [HikariPool-1 housekeeper] WARN  com.zaxxer.hikari.pool.HikariPool - HikariPool-1 - Thread starvation or clock leap detected (housekeeper delta=2m3s65ms).
2021-05-24 15:24:44 [HikariPool-1 housekeeper] WARN  com.zaxxer.hikari.pool.HikariPool - HikariPool-1 - Thread starvation or clock leap detected (housekeeper delta=54s867ms).
2021-05-24 15:26:02 [HikariPool-1 housekeeper] WARN  com.zaxxer.hikari.pool.HikariPool - HikariPool-1 - Thread starvation or clock leap detected (housekeeper delta=48s263ms).
2021-05-24 19:50:36 [SpringContextShutdownHook] INFO  o.s.s.c.ThreadPoolTaskExecutor - Shutting down ExecutorService 'applicationTaskExecutor'
2021-05-24 19:50:36 [SpringContextShutdownHook] INFO  o.s.o.j.LocalContainerEntityManagerFactoryBean - Closing JPA EntityManagerFactory for persistence unit 'default'
2021-05-24 19:50:36 [SpringContextShutdownHook] INFO  com.zaxxer.hikari.HikariDataSource - HikariPool-1 - Shutdown initiated...
2021-05-24 19:50:36 [SpringContextShutdownHook] INFO  com.zaxxer.hikari.HikariDataSource - HikariPool-1 - Shutdown completed.
